2023-04-28 09:14:28.126  INFO 10148 --- [restartedMain] c.e.s.SampleBootApp3Application          : Starting SampleBootApp3Application using Java 17.0.5 on DELL-MATSUGUMA with PID 10148 (C:\pleiades\2022-12\workspace\SampleBootApp3\bin\main started by y-mat in C:\pleiades\2022-12\workspace\SampleBootApp3)
2023-04-28 09:14:28.131  INFO 10148 --- [restartedMain] c.e.s.SampleBootApp3Application          : No active profile set, falling back to 1 default profile: "default"
2023-04-28 09:14:28.181  INFO 10148 --- [restartedMain] o.s.b.devtools.restart.ChangeableUrls    : The Class-Path manifest attribute in C:\Users\y-mat\.gradle\caches\modules-2\files-2.1\com.oracle.database.jdbc\ojdbc11\23.2.0.0\a19cc23a15caea09f4883e938907129354239e75\ojdbc11-23.2.0.0.jar referenced one or more files that do not exist: file:/C:/Users/y-mat/.gradle/caches/modules-2/files-2.1/com.oracle.database.jdbc/ojdbc11/23.2.0.0/a19cc23a15caea09f4883e938907129354239e75/oraclepki.jar
2023-04-28 09:14:28.182  INFO 10148 --- [restartedMain] .e.DevToolsPropertyDefaultsPostProcessor : Devtools property defaults active! Set 'spring.devtools.add-properties' to 'false' to disable
2023-04-28 09:14:28.182  INFO 10148 --- [restartedMain] .e.DevToolsPropertyDefaultsPostProcessor : For additional web related logging consider setting the 'logging.level.web' property to 'DEBUG'
2023-04-28 09:14:29.421  INFO 10148 --- [restartedMain] o.s.b.w.embedded.tomcat.TomcatWebServer  : Tomcat initialized with port(s): 8080 (http)
2023-04-28 09:14:29.432  INFO 10148 --- [restartedMain] o.apache.catalina.core.StandardService   : Starting service [Tomcat]
2023-04-28 09:14:29.432  INFO 10148 --- [restartedMain] org.apache.catalina.core.StandardEngine  : Starting Servlet engine: [Apache Tomcat/9.0.64]
2023-04-28 09:14:29.504  INFO 10148 --- [restartedMain] o.a.c.c.C.[Tomcat].[localhost].[/]       : Initializing Spring embedded WebApplicationContext
2023-04-28 09:14:29.504  INFO 10148 --- [restartedMain] w.s.c.ServletWebServerApplicationContext : Root WebApplicationContext: initialization completed in 1321 ms
2023-04-28 09:14:30.387  INFO 10148 --- [restartedMain] o.s.b.d.a.OptionalLiveReloadServer       : LiveReload server is running on port 35729
2023-04-28 09:14:30.428  INFO 10148 --- [restartedMain] o.s.b.w.embedded.tomcat.TomcatWebServer  : Tomcat started on port(s): 8080 (http) with context path ''
2023-04-28 09:14:30.437  INFO 10148 --- [restartedMain] c.e.s.SampleBootApp3Application          : Started SampleBootApp3Application in 2.699 seconds (JVM running for 3.304)
2023-04-28 09:14:34.403  INFO 10148 --- [http-nio-8080-exec-1] o.a.c.c.C.[Tomcat].[localhost].[/]       : Initializing Spring DispatcherServlet 'dispatcherServlet'
2023-04-28 09:14:34.403  INFO 10148 --- [http-nio-8080-exec-1] o.s.web.servlet.DispatcherServlet        : Initializing Servlet 'dispatcherServlet'
2023-04-28 09:14:34.404  INFO 10148 --- [http-nio-8080-exec-1] o.s.web.servlet.DispatcherServlet        : Completed initialization in 1 ms
2023-04-28 09:14:40.153  INFO 10148 --- [http-nio-8080-exec-3] c.e.sample3app.commons.EventLogFilter    : execution(MotosController.motos(..)) START
2023-04-28 09:14:40.159  INFO 10148 --- [http-nio-8080-exec-3] c.e.s.controllers.MotosController        : 検索条件：SearchForm(brandId=null, keyword=null)
2023-04-28 09:14:40.182  INFO 10148 --- [http-nio-8080-exec-3] com.zaxxer.hikari.HikariDataSource       : HikariPool-1 - Starting...
2023-04-28 09:14:40.187  WARN 10148 --- [http-nio-8080-exec-3] com.zaxxer.hikari.util.DriverDataSource  : Registered driver with driverClassName=oracle.jdbc.driver.OracleDriver was not found, trying direct instantiation.
2023-04-28 09:14:40.678  INFO 10148 --- [http-nio-8080-exec-3] com.zaxxer.hikari.HikariDataSource       : HikariPool-1 - Start completed.
2023-04-28 09:14:41.044  INFO 10148 --- [http-nio-8080-exec-3] c.e.sample3app.commons.EventLogFilter    : execution(MotosController.motos(..)) END
2023-04-28 09:20:55.299  INFO 10148 --- [http-nio-8080-exec-7] c.e.sample3app.commons.EventLogFilter    : execution(MotosController.motos(..)) START
2023-04-28 09:20:55.300  INFO 10148 --- [http-nio-8080-exec-7] c.e.s.controllers.MotosController        : 検索条件：SearchForm(brandId=null, keyword=null)
2023-04-28 09:20:55.306  INFO 10148 --- [http-nio-8080-exec-7] c.e.sample3app.commons.EventLogFilter    : execution(MotosController.motos(..)) END
2023-04-28 09:27:19.048  INFO 10148 --- [Thread-5] com.zaxxer.hikari.HikariDataSource       : HikariPool-1 - Shutdown initiated...
2023-04-28 09:27:19.065  INFO 10148 --- [Thread-5] com.zaxxer.hikari.HikariDataSource       : HikariPool-1 - Shutdown completed.
2023-04-28 09:27:19.183  INFO 10148 --- [restartedMain] c.e.s.SampleBootApp3Application          : Starting SampleBootApp3Application using Java 17.0.5 on DELL-MATSUGUMA with PID 10148 (C:\pleiades\2022-12\workspace\SampleBootApp3\bin\main started by y-mat in C:\pleiades\2022-12\workspace\SampleBootApp3)
2023-04-28 09:27:19.183  INFO 10148 --- [restartedMain] c.e.s.SampleBootApp3Application          : No active profile set, falling back to 1 default profile: "default"
2023-04-28 09:27:19.449  INFO 10148 --- [restartedMain] o.s.b.w.embedded.tomcat.TomcatWebServer  : Tomcat initialized with port(s): 8080 (http)
2023-04-28 09:27:19.451  INFO 10148 --- [restartedMain] o.apache.catalina.core.StandardService   : Starting service [Tomcat]
2023-04-28 09:27:19.451  INFO 10148 --- [restartedMain] org.apache.catalina.core.StandardEngine  : Starting Servlet engine: [Apache Tomcat/9.0.64]
2023-04-28 09:27:19.475  INFO 10148 --- [restartedMain] o.a.c.c.C.[Tomcat].[localhost].[/]       : Initializing Spring embedded WebApplicationContext
2023-04-28 09:27:19.475  INFO 10148 --- [restartedMain] w.s.c.ServletWebServerApplicationContext : Root WebApplicationContext: initialization completed in 290 ms
2023-04-28 09:27:19.835  INFO 10148 --- [restartedMain] o.s.b.d.a.OptionalLiveReloadServer       : LiveReload server is running on port 35729
2023-04-28 09:27:19.847  INFO 10148 --- [restartedMain] o.s.b.w.embedded.tomcat.TomcatWebServer  : Tomcat started on port(s): 8080 (http) with context path ''
2023-04-28 09:27:19.852  INFO 10148 --- [restartedMain] c.e.s.SampleBootApp3Application          : Started SampleBootApp3Application in 0.701 seconds (JVM running for 772.718)
2023-04-28 09:27:19.854  INFO 10148 --- [restartedMain] .ConditionEvaluationDeltaLoggingListener : Condition evaluation unchanged
2023-04-28 09:27:40.966  INFO 10148 --- [http-nio-8080-exec-1] o.a.c.c.C.[Tomcat].[localhost].[/]       : Initializing Spring DispatcherServlet 'dispatcherServlet'
2023-04-28 09:27:40.967  INFO 10148 --- [http-nio-8080-exec-1] o.s.web.servlet.DispatcherServlet        : Initializing Servlet 'dispatcherServlet'
2023-04-28 09:27:40.968  INFO 10148 --- [http-nio-8080-exec-1] o.s.web.servlet.DispatcherServlet        : Completed initialization in 1 ms
2023-04-28 09:27:40.974  INFO 10148 --- [http-nio-8080-exec-1] c.e.sample3app.commons.EventLogFilter    : execution(MotosController.motos(..)) START
2023-04-28 09:27:40.977  INFO 10148 --- [http-nio-8080-exec-1] c.e.s.controllers.MotosController        : 検索条件：SearchForm(brandId=null, keyword=null)
2023-04-28 09:27:40.979  INFO 10148 --- [http-nio-8080-exec-1] com.zaxxer.hikari.HikariDataSource       : HikariPool-2 - Starting...
2023-04-28 09:27:40.979  WARN 10148 --- [http-nio-8080-exec-1] com.zaxxer.hikari.util.DriverDataSource  : Registered driver with driverClassName=oracle.jdbc.driver.OracleDriver was not found, trying direct instantiation.
2023-04-28 09:27:41.073  INFO 10148 --- [http-nio-8080-exec-1] com.zaxxer.hikari.HikariDataSource       : HikariPool-2 - Start completed.
2023-04-28 09:27:41.078  INFO 10148 --- [http-nio-8080-exec-1] c.e.sample3app.commons.EventLogFilter    : execution(MotosController.motos(..)) END
2023-04-28 09:27:41.108 ERROR 10148 --- [http-nio-8080-exec-1] org.thymeleaf.TemplateEngine             : [THYMELEAF][http-nio-8080-exec-1] Exception processing template "moto_list": An error happened during template parsing (template: "class path resource [templates/moto_list.html]")

org.thymeleaf.exceptions.TemplateInputException: An error happened during template parsing (template: "class path resource [templates/moto_list.html]")
	at org.thymeleaf.templateparser.markup.AbstractMarkupTemplateParser.parse(AbstractMarkupTemplateParser.java:241) ~[thymeleaf-3.0.15.RELEASE.jar:3.0.15.RELEASE]
	at org.thymeleaf.templateparser.markup.AbstractMarkupTemplateParser.parseStandalone(AbstractMarkupTemplateParser.java:100) ~[thymeleaf-3.0.15.RELEASE.jar:3.0.15.RELEASE]
	at org.thymeleaf.engine.TemplateManager.parseAndProcess(TemplateManager.java:666) ~[thymeleaf-3.0.15.RELEASE.jar:3.0.15.RELEASE]
	at org.thymeleaf.TemplateEngine.process(TemplateEngine.java:1098) ~[thymeleaf-3.0.15.RELEASE.jar:3.0.15.RELEASE]
	at org.thymeleaf.TemplateEngine.process(TemplateEngine.java:1072) ~[thymeleaf-3.0.15.RELEASE.jar:3.0.15.RELEASE]
	at org.thymeleaf.spring5.view.ThymeleafView.renderFragment(ThymeleafView.java:366) ~[thymeleaf-spring5-3.0.15.RELEASE.jar:3.0.15.RELEASE]
	at org.thymeleaf.spring5.view.ThymeleafView.render(ThymeleafView.java:190) ~[thymeleaf-spring5-3.0.15.RELEASE.jar:3.0.15.RELEASE]
	at org.springframework.web.servlet.DispatcherServlet.render(DispatcherServlet.java:1401) ~[spring-webmvc-5.3.21.jar:5.3.21]
	at org.springframework.web.servlet.DispatcherServlet.processDispatchResult(DispatcherServlet.java:1145) ~[spring-webmvc-5.3.21.jar:5.3.21]
	at org.springframework.web.servlet.DispatcherServlet.doDispatch(DispatcherServlet.java:1084) ~[spring-webmvc-5.3.21.jar:5.3.21]
	at org.springframework.web.servlet.DispatcherServlet.doService(DispatcherServlet.java:963) ~[spring-webmvc-5.3.21.jar:5.3.21]
	at org.springframework.web.servlet.FrameworkServlet.processRequest(FrameworkServlet.java:1006) ~[spring-webmvc-5.3.21.jar:5.3.21]
	at org.springframework.web.servlet.FrameworkServlet.doGet(FrameworkServlet.java:898) ~[spring-webmvc-5.3.21.jar:5.3.21]
	at javax.servlet.http.HttpServlet.service(HttpServlet.java:655) ~[tomcat-embed-core-9.0.64.jar:4.0.FR]
	at org.springframework.web.servlet.FrameworkServlet.service(FrameworkServlet.java:883) ~[spring-webmvc-5.3.21.jar:5.3.21]
	at javax.servlet.http.HttpServlet.service(HttpServlet.java:764) ~[tomcat-embed-core-9.0.64.jar:4.0.FR]
	at org.apache.catalina.core.ApplicationFilterChain.internalDoFilter(ApplicationFilterChain.java:227) ~[tomcat-embed-core-9.0.64.jar:9.0.64]
	at org.apache.catalina.core.ApplicationFilterChain.doFilter(ApplicationFilterChain.java:162) ~[tomcat-embed-core-9.0.64.jar:9.0.64]
	at org.apache.tomcat.websocket.server.WsFilter.doFilter(WsFilter.java:53) ~[tomcat-embed-websocket-9.0.64.jar:9.0.64]
	at org.apache.catalina.core.ApplicationFilterChain.internalDoFilter(ApplicationFilterChain.java:189) ~[tomcat-embed-core-9.0.64.jar:9.0.64]
	at org.apache.catalina.core.ApplicationFilterChain.doFilter(ApplicationFilterChain.java:162) ~[tomcat-embed-core-9.0.64.jar:9.0.64]
	at org.springframework.web.filter.RequestContextFilter.doFilterInternal(RequestContextFilter.java:100) ~[spring-web-5.3.21.jar:5.3.21]
	at org.springframework.web.filter.OncePerRequestFilter.doFilter(OncePerRequestFilter.java:117) ~[spring-web-5.3.21.jar:5.3.21]
	at org.apache.catalina.core.ApplicationFilterChain.internalDoFilter(ApplicationFilterChain.java:189) ~[tomcat-embed-core-9.0.64.jar:9.0.64]
	at org.apache.catalina.core.ApplicationFilterChain.doFilter(ApplicationFilterChain.java:162) ~[tomcat-embed-core-9.0.64.jar:9.0.64]
	at org.springframework.web.filter.FormContentFilter.doFilterInternal(FormContentFilter.java:93) ~[spring-web-5.3.21.jar:5.3.21]
	at org.springframework.web.filter.OncePerRequestFilter.doFilter(OncePerRequestFilter.java:117) ~[spring-web-5.3.21.jar:5.3.21]
	at org.apache.catalina.core.ApplicationFilterChain.internalDoFilter(ApplicationFilterChain.java:189) ~[tomcat-embed-core-9.0.64.jar:9.0.64]
	at org.apache.catalina.core.ApplicationFilterChain.doFilter(ApplicationFilterChain.java:162) ~[tomcat-embed-core-9.0.64.jar:9.0.64]
	at org.springframework.web.filter.CharacterEncodingFilter.doFilterInternal(CharacterEncodingFilter.java:201) ~[spring-web-5.3.21.jar:5.3.21]
	at org.springframework.web.filter.OncePerRequestFilter.doFilter(OncePerRequestFilter.java:117) ~[spring-web-5.3.21.jar:5.3.21]
	at org.apache.catalina.core.ApplicationFilterChain.internalDoFilter(ApplicationFilterChain.java:189) ~[tomcat-embed-core-9.0.64.jar:9.0.64]
	at org.apache.catalina.core.ApplicationFilterChain.doFilter(ApplicationFilterChain.java:162) ~[tomcat-embed-core-9.0.64.jar:9.0.64]
	at org.apache.catalina.core.StandardWrapperValve.invoke(StandardWrapperValve.java:197) ~[tomcat-embed-core-9.0.64.jar:9.0.64]
	at org.apache.catalina.core.StandardContextValve.invoke(StandardContextValve.java:97) ~[tomcat-embed-core-9.0.64.jar:9.0.64]
	at org.apache.catalina.authenticator.AuthenticatorBase.invoke(AuthenticatorBase.java:541) ~[tomcat-embed-core-9.0.64.jar:9.0.64]
	at org.apache.catalina.core.StandardHostValve.invoke(StandardHostValve.java:135) ~[tomcat-embed-core-9.0.64.jar:9.0.64]
	at org.apache.catalina.valves.ErrorReportValve.invoke(ErrorReportValve.java:92) ~[tomcat-embed-core-9.0.64.jar:9.0.64]
	at org.apache.catalina.core.StandardEngineValve.invoke(StandardEngineValve.java:78) ~[tomcat-embed-core-9.0.64.jar:9.0.64]
	at org.apache.catalina.connector.CoyoteAdapter.service(CoyoteAdapter.java:360) ~[tomcat-embed-core-9.0.64.jar:9.0.64]
	at org.apache.coyote.http11.Http11Processor.service(Http11Processor.java:399) ~[tomcat-embed-core-9.0.64.jar:9.0.64]
	at org.apache.coyote.AbstractProcessorLight.process(AbstractProcessorLight.java:65) ~[tomcat-embed-core-9.0.64.jar:9.0.64]
	at org.apache.coyote.AbstractProtocol$ConnectionHandler.process(AbstractProtocol.java:890) ~[tomcat-embed-core-9.0.64.jar:9.0.64]
	at org.apache.tomcat.util.net.NioEndpoint$SocketProcessor.doRun(NioEndpoint.java:1787) ~[tomcat-embed-core-9.0.64.jar:9.0.64]
	at org.apache.tomcat.util.net.SocketProcessorBase.run(SocketProcessorBase.java:49) ~[tomcat-embed-core-9.0.64.jar:9.0.64]
	at org.apache.tomcat.util.threads.ThreadPoolExecutor.runWorker(ThreadPoolExecutor.java:1191) ~[tomcat-embed-core-9.0.64.jar:9.0.64]
	at org.apache.tomcat.util.threads.ThreadPoolExecutor$Worker.run(ThreadPoolExecutor.java:659) ~[tomcat-embed-core-9.0.64.jar:9.0.64]
	at org.apache.tomcat.util.threads.TaskThread$WrappingRunnable.run(TaskThread.java:61) ~[tomcat-embed-core-9.0.64.jar:9.0.64]
	at java.base/java.lang.Thread.run(Thread.java:833) ~[na:na]
Caused by: org.attoparser.ParseException: Exception evaluating SpringEL expression: "#dates.format(datetime, 'dd/MMM/yyyy HH:mm')" (template: "moto_list" - line 30, col 7)
	at org.attoparser.MarkupParser.parseDocument(MarkupParser.java:393) ~[attoparser-2.0.5.RELEASE.jar:2.0.5.RELEASE]
	at org.attoparser.MarkupParser.parse(MarkupParser.java:257) ~[attoparser-2.0.5.RELEASE.jar:2.0.5.RELEASE]
	at org.thymeleaf.templateparser.markup.AbstractMarkupTemplateParser.parse(AbstractMarkupTemplateParser.java:230) ~[thymeleaf-3.0.15.RELEASE.jar:3.0.15.RELEASE]
	... 48 common frames omitted
Caused by: org.thymeleaf.exceptions.TemplateProcessingException: Exception evaluating SpringEL expression: "#dates.format(datetime, 'dd/MMM/yyyy HH:mm')" (template: "moto_list" - line 30, col 7)
	at org.thymeleaf.spring5.expression.SPELVariableExpressionEvaluator.evaluate(SPELVariableExpressionEvaluator.java:292) ~[thymeleaf-spring5-3.0.15.RELEASE.jar:3.0.15.RELEASE]
	at org.thymeleaf.standard.expression.VariableExpression.executeVariableExpression(VariableExpression.java:166) ~[thymeleaf-3.0.15.RELEASE.jar:3.0.15.RELEASE]
	at org.thymeleaf.standard.expression.SimpleExpression.executeSimple(SimpleExpression.java:66) ~[thymeleaf-3.0.15.RELEASE.jar:3.0.15.RELEASE]
	at org.thymeleaf.standard.expression.Expression.execute(Expression.java:109) ~[thymeleaf-3.0.15.RELEASE.jar:3.0.15.RELEASE]
	at org.thymeleaf.standard.expression.Expression.execute(Expression.java:138) ~[thymeleaf-3.0.15.RELEASE.jar:3.0.15.RELEASE]
	at org.thymeleaf.standard.processor.AbstractStandardExpressionAttributeTagProcessor.doProcess(AbstractStandardExpressionAttributeTagProcessor.java:144) ~[thymeleaf-3.0.15.RELEASE.jar:3.0.15.RELEASE]
	at org.thymeleaf.processor.element.AbstractAttributeTagProcessor.doProcess(AbstractAttributeTagProcessor.java:74) ~[thymeleaf-3.0.15.RELEASE.jar:3.0.15.RELEASE]
	at org.thymeleaf.processor.element.AbstractElementTagProcessor.process(AbstractElementTagProcessor.java:95) ~[thymeleaf-3.0.15.RELEASE.jar:3.0.15.RELEASE]
	at org.thymeleaf.util.ProcessorConfigurationUtils$ElementTagProcessorWrapper.process(ProcessorConfigurationUtils.java:633) ~[thymeleaf-3.0.15.RELEASE.jar:3.0.15.RELEASE]
	at org.thymeleaf.engine.ProcessorTemplateHandler.handleOpenElement(ProcessorTemplateHandler.java:1314) ~[thymeleaf-3.0.15.RELEASE.jar:3.0.15.RELEASE]
	at org.thymeleaf.engine.TemplateHandlerAdapterMarkupHandler.handleOpenElementEnd(TemplateHandlerAdapterMarkupHandler.java:304) ~[thymeleaf-3.0.15.RELEASE.jar:3.0.15.RELEASE]
	at org.thymeleaf.templateparser.markup.InlinedOutputExpressionMarkupHandler$InlineMarkupAdapterPreProcessorHandler.handleOpenElementEnd(InlinedOutputExpressionMarkupHandler.java:278) ~[thymeleaf-3.0.15.RELEASE.jar:3.0.15.RELEASE]
	at org.thymeleaf.standard.inline.OutputExpressionInlinePreProcessorHandler.handleOpenElementEnd(OutputExpressionInlinePreProcessorHandler.java:186) ~[thymeleaf-3.0.15.RELEASE.jar:3.0.15.RELEASE]
	at org.thymeleaf.templateparser.markup.InlinedOutputExpressionMarkupHandler.handleOpenElementEnd(InlinedOutputExpressionMarkupHandler.java:124) ~[thymeleaf-3.0.15.RELEASE.jar:3.0.15.RELEASE]
	at org.attoparser.HtmlElement.handleOpenElementEnd(HtmlElement.java:109) ~[attoparser-2.0.5.RELEASE.jar:2.0.5.RELEASE]
	at org.attoparser.HtmlMarkupHandler.handleOpenElementEnd(HtmlMarkupHandler.java:297) ~[attoparser-2.0.5.RELEASE.jar:2.0.5.RELEASE]
	at org.attoparser.MarkupEventProcessorHandler.handleOpenElementEnd(MarkupEventProcessorHandler.java:402) ~[attoparser-2.0.5.RELEASE.jar:2.0.5.RELEASE]
	at org.attoparser.ParsingElementMarkupUtil.parseOpenElement(ParsingElementMarkupUtil.java:159) ~[attoparser-2.0.5.RELEASE.jar:2.0.5.RELEASE]
	at org.attoparser.MarkupParser.parseBuffer(MarkupParser.java:710) ~[attoparser-2.0.5.RELEASE.jar:2.0.5.RELEASE]
	at org.attoparser.MarkupParser.parseDocument(MarkupParser.java:301) ~[attoparser-2.0.5.RELEASE.jar:2.0.5.RELEASE]
	... 50 common frames omitted
Caused by: org.springframework.expression.spel.SpelEvaluationException: EL1004E: Method call: Method format(java.time.LocalDateTime,java.lang.String) cannot be found on type org.thymeleaf.expression.Dates
	at org.springframework.expression.spel.ast.MethodReference.findAccessorForMethod(MethodReference.java:225) ~[spring-expression-5.3.21.jar:5.3.21]
	at org.springframework.expression.spel.ast.MethodReference.getValueInternal(MethodReference.java:135) ~[spring-expression-5.3.21.jar:5.3.21]
	at org.springframework.expression.spel.ast.MethodReference.access$000(MethodReference.java:55) ~[spring-expression-5.3.21.jar:5.3.21]
	at org.springframework.expression.spel.ast.MethodReference$MethodValueRef.getValue(MethodReference.java:386) ~[spring-expression-5.3.21.jar:5.3.21]
	at org.springframework.expression.spel.ast.CompoundExpression.getValueInternal(CompoundExpression.java:92) ~[spring-expression-5.3.21.jar:5.3.21]
	at org.springframework.expression.spel.ast.SpelNodeImpl.getValue(SpelNodeImpl.java:112) ~[spring-expression-5.3.21.jar:5.3.21]
	at org.springframework.expression.spel.standard.SpelExpression.getValue(SpelExpression.java:338) ~[spring-expression-5.3.21.jar:5.3.21]
	at org.thymeleaf.spring5.expression.SPELVariableExpressionEvaluator.evaluate(SPELVariableExpressionEvaluator.java:265) ~[thymeleaf-spring5-3.0.15.RELEASE.jar:3.0.15.RELEASE]
	... 69 common frames omitted

2023-04-28 09:27:41.109 ERROR 10148 --- [http-nio-8080-exec-1] o.a.c.c.C.[.[.[/].[dispatcherServlet]    : Servlet.service() for servlet [dispatcherServlet] in context with path [] threw exception [Request processing failed; nested exception is org.thymeleaf.exceptions.TemplateInputException: An error happened during template parsing (template: "class path resource [templates/moto_list.html]")] with root cause

org.springframework.expression.spel.SpelEvaluationException: EL1004E: Method call: Method format(java.time.LocalDateTime,java.lang.String) cannot be found on type org.thymeleaf.expression.Dates
	at org.springframework.expression.spel.ast.MethodReference.findAccessorForMethod(MethodReference.java:225) ~[spring-expression-5.3.21.jar:5.3.21]
	at org.springframework.expression.spel.ast.MethodReference.getValueInternal(MethodReference.java:135) ~[spring-expression-5.3.21.jar:5.3.21]
	at org.springframework.expression.spel.ast.MethodReference.access$000(MethodReference.java:55) ~[spring-expression-5.3.21.jar:5.3.21]
	at org.springframework.expression.spel.ast.MethodReference$MethodValueRef.getValue(MethodReference.java:386) ~[spring-expression-5.3.21.jar:5.3.21]
	at org.springframework.expression.spel.ast.CompoundExpression.getValueInternal(CompoundExpression.java:92) ~[spring-expression-5.3.21.jar:5.3.21]
	at org.springframework.expression.spel.ast.SpelNodeImpl.getValue(SpelNodeImpl.java:112) ~[spring-expression-5.3.21.jar:5.3.21]
	at org.springframework.expression.spel.standard.SpelExpression.getValue(SpelExpression.java:338) ~[spring-expression-5.3.21.jar:5.3.21]
	at org.thymeleaf.spring5.expression.SPELVariableExpressionEvaluator.evaluate(SPELVariableExpressionEvaluator.java:265) ~[thymeleaf-spring5-3.0.15.RELEASE.jar:3.0.15.RELEASE]
	at org.thymeleaf.standard.expression.VariableExpression.executeVariableExpression(VariableExpression.java:166) ~[thymeleaf-3.0.15.RELEASE.jar:3.0.15.RELEASE]
	at org.thymeleaf.standard.expression.SimpleExpression.executeSimple(SimpleExpression.java:66) ~[thymeleaf-3.0.15.RELEASE.jar:3.0.15.RELEASE]
	at org.thymeleaf.standard.expression.Expression.execute(Expression.java:109) ~[thymeleaf-3.0.15.RELEASE.jar:3.0.15.RELEASE]
	at org.thymeleaf.standard.expression.Expression.execute(Expression.java:138) ~[thymeleaf-3.0.15.RELEASE.jar:3.0.15.RELEASE]
	at org.thymeleaf.standard.processor.AbstractStandardExpressionAttributeTagProcessor.doProcess(AbstractStandardExpressionAttributeTagProcessor.java:144) ~[thymeleaf-3.0.15.RELEASE.jar:3.0.15.RELEASE]
	at org.thymeleaf.processor.element.AbstractAttributeTagProcessor.doProcess(AbstractAttributeTagProcessor.java:74) ~[thymeleaf-3.0.15.RELEASE.jar:3.0.15.RELEASE]
	at org.thymeleaf.processor.element.AbstractElementTagProcessor.process(AbstractElementTagProcessor.java:95) ~[thymeleaf-3.0.15.RELEASE.jar:3.0.15.RELEASE]
	at org.thymeleaf.util.ProcessorConfigurationUtils$ElementTagProcessorWrapper.process(ProcessorConfigurationUtils.java:633) ~[thymeleaf-3.0.15.RELEASE.jar:3.0.15.RELEASE]
	at org.thymeleaf.engine.ProcessorTemplateHandler.handleOpenElement(ProcessorTemplateHandler.java:1314) ~[thymeleaf-3.0.15.RELEASE.jar:3.0.15.RELEASE]
	at org.thymeleaf.engine.TemplateHandlerAdapterMarkupHandler.handleOpenElementEnd(TemplateHandlerAdapterMarkupHandler.java:304) ~[thymeleaf-3.0.15.RELEASE.jar:3.0.15.RELEASE]
	at org.thymeleaf.templateparser.markup.InlinedOutputExpressionMarkupHandler$InlineMarkupAdapterPreProcessorHandler.handleOpenElementEnd(InlinedOutputExpressionMarkupHandler.java:278) ~[thymeleaf-3.0.15.RELEASE.jar:3.0.15.RELEASE]
	at org.thymeleaf.standard.inline.OutputExpressionInlinePreProcessorHandler.handleOpenElementEnd(OutputExpressionInlinePreProcessorHandler.java:186) ~[thymeleaf-3.0.15.RELEASE.jar:3.0.15.RELEASE]
	at org.thymeleaf.templateparser.markup.InlinedOutputExpressionMarkupHandler.handleOpenElementEnd(InlinedOutputExpressionMarkupHandler.java:124) ~[thymeleaf-3.0.15.RELEASE.jar:3.0.15.RELEASE]
	at org.attoparser.HtmlElement.handleOpenElementEnd(HtmlElement.java:109) ~[attoparser-2.0.5.RELEASE.jar:2.0.5.RELEASE]
	at org.attoparser.HtmlMarkupHandler.handleOpenElementEnd(HtmlMarkupHandler.java:297) ~[attoparser-2.0.5.RELEASE.jar:2.0.5.RELEASE]
	at org.attoparser.MarkupEventProcessorHandler.handleOpenElementEnd(MarkupEventProcessorHandler.java:402) ~[attoparser-2.0.5.RELEASE.jar:2.0.5.RELEASE]
	at org.attoparser.ParsingElementMarkupUtil.parseOpenElement(ParsingElementMarkupUtil.java:159) ~[attoparser-2.0.5.RELEASE.jar:2.0.5.RELEASE]
	at org.attoparser.MarkupParser.parseBuffer(MarkupParser.java:710) ~[attoparser-2.0.5.RELEASE.jar:2.0.5.RELEASE]
	at org.attoparser.MarkupParser.parseDocument(MarkupParser.java:301) ~[attoparser-2.0.5.RELEASE.jar:2.0.5.RELEASE]
	at org.attoparser.MarkupParser.parse(MarkupParser.java:257) ~[attoparser-2.0.5.RELEASE.jar:2.0.5.RELEASE]
	at org.thymeleaf.templateparser.markup.AbstractMarkupTemplateParser.parse(AbstractMarkupTemplateParser.java:230) ~[thymeleaf-3.0.15.RELEASE.jar:3.0.15.RELEASE]
	at org.thymeleaf.templateparser.markup.AbstractMarkupTemplateParser.parseStandalone(AbstractMarkupTemplateParser.java:100) ~[thymeleaf-3.0.15.RELEASE.jar:3.0.15.RELEASE]
	at org.thymeleaf.engine.TemplateManager.parseAndProcess(TemplateManager.java:666) ~[thymeleaf-3.0.15.RELEASE.jar:3.0.15.RELEASE]
	at org.thymeleaf.TemplateEngine.process(TemplateEngine.java:1098) ~[thymeleaf-3.0.15.RELEASE.jar:3.0.15.RELEASE]
	at org.thymeleaf.TemplateEngine.process(TemplateEngine.java:1072) ~[thymeleaf-3.0.15.RELEASE.jar:3.0.15.RELEASE]
	at org.thymeleaf.spring5.view.ThymeleafView.renderFragment(ThymeleafView.java:366) ~[thymeleaf-spring5-3.0.15.RELEASE.jar:3.0.15.RELEASE]
	at org.thymeleaf.spring5.view.ThymeleafView.render(ThymeleafView.java:190) ~[thymeleaf-spring5-3.0.15.RELEASE.jar:3.0.15.RELEASE]
	at org.springframework.web.servlet.DispatcherServlet.render(DispatcherServlet.java:1401) ~[spring-webmvc-5.3.21.jar:5.3.21]
	at org.springframework.web.servlet.DispatcherServlet.processDispatchResult(DispatcherServlet.java:1145) ~[spring-webmvc-5.3.21.jar:5.3.21]
	at org.springframework.web.servlet.DispatcherServlet.doDispatch(DispatcherServlet.java:1084) ~[spring-webmvc-5.3.21.jar:5.3.21]
	at org.springframework.web.servlet.DispatcherServlet.doService(DispatcherServlet.java:963) ~[spring-webmvc-5.3.21.jar:5.3.21]
	at org.springframework.web.servlet.FrameworkServlet.processRequest(FrameworkServlet.java:1006) ~[spring-webmvc-5.3.21.jar:5.3.21]
	at org.springframework.web.servlet.FrameworkServlet.doGet(FrameworkServlet.java:898) ~[spring-webmvc-5.3.21.jar:5.3.21]
	at javax.servlet.http.HttpServlet.service(HttpServlet.java:655) ~[tomcat-embed-core-9.0.64.jar:4.0.FR]
	at org.springframework.web.servlet.FrameworkServlet.service(FrameworkServlet.java:883) ~[spring-webmvc-5.3.21.jar:5.3.21]
	at javax.servlet.http.HttpServlet.service(HttpServlet.java:764) ~[tomcat-embed-core-9.0.64.jar:4.0.FR]
	at org.apache.catalina.core.ApplicationFilterChain.internalDoFilter(ApplicationFilterChain.java:227) ~[tomcat-embed-core-9.0.64.jar:9.0.64]
	at org.apache.catalina.core.ApplicationFilterChain.doFilter(ApplicationFilterChain.java:162) ~[tomcat-embed-core-9.0.64.jar:9.0.64]
	at org.apache.tomcat.websocket.server.WsFilter.doFilter(WsFilter.java:53) ~[tomcat-embed-websocket-9.0.64.jar:9.0.64]
	at org.apache.catalina.core.ApplicationFilterChain.internalDoFilter(ApplicationFilterChain.java:189) ~[tomcat-embed-core-9.0.64.jar:9.0.64]
	at org.apache.catalina.core.ApplicationFilterChain.doFilter(ApplicationFilterChain.java:162) ~[tomcat-embed-core-9.0.64.jar:9.0.64]
	at org.springframework.web.filter.RequestContextFilter.doFilterInternal(RequestContextFilter.java:100) ~[spring-web-5.3.21.jar:5.3.21]
	at org.springframework.web.filter.OncePerRequestFilter.doFilter(OncePerRequestFilter.java:117) ~[spring-web-5.3.21.jar:5.3.21]
	at org.apache.catalina.core.ApplicationFilterChain.internalDoFilter(ApplicationFilterChain.java:189) ~[tomcat-embed-core-9.0.64.jar:9.0.64]
	at org.apache.catalina.core.ApplicationFilterChain.doFilter(ApplicationFilterChain.java:162) ~[tomcat-embed-core-9.0.64.jar:9.0.64]
	at org.springframework.web.filter.FormContentFilter.doFilterInternal(FormContentFilter.java:93) ~[spring-web-5.3.21.jar:5.3.21]
	at org.springframework.web.filter.OncePerRequestFilter.doFilter(OncePerRequestFilter.java:117) ~[spring-web-5.3.21.jar:5.3.21]
	at org.apache.catalina.core.ApplicationFilterChain.internalDoFilter(ApplicationFilterChain.java:189) ~[tomcat-embed-core-9.0.64.jar:9.0.64]
	at org.apache.catalina.core.ApplicationFilterChain.doFilter(ApplicationFilterChain.java:162) ~[tomcat-embed-core-9.0.64.jar:9.0.64]
	at org.springframework.web.filter.CharacterEncodingFilter.doFilterInternal(CharacterEncodingFilter.java:201) ~[spring-web-5.3.21.jar:5.3.21]
	at org.springframework.web.filter.OncePerRequestFilter.doFilter(OncePerRequestFilter.java:117) ~[spring-web-5.3.21.jar:5.3.21]
	at org.apache.catalina.core.ApplicationFilterChain.internalDoFilter(ApplicationFilterChain.java:189) ~[tomcat-embed-core-9.0.64.jar:9.0.64]
	at org.apache.catalina.core.ApplicationFilterChain.doFilter(ApplicationFilterChain.java:162) ~[tomcat-embed-core-9.0.64.jar:9.0.64]
	at org.apache.catalina.core.StandardWrapperValve.invoke(StandardWrapperValve.java:197) ~[tomcat-embed-core-9.0.64.jar:9.0.64]
	at org.apache.catalina.core.StandardContextValve.invoke(StandardContextValve.java:97) ~[tomcat-embed-core-9.0.64.jar:9.0.64]
	at org.apache.catalina.authenticator.AuthenticatorBase.invoke(AuthenticatorBase.java:541) ~[tomcat-embed-core-9.0.64.jar:9.0.64]
	at org.apache.catalina.core.StandardHostValve.invoke(StandardHostValve.java:135) ~[tomcat-embed-core-9.0.64.jar:9.0.64]
	at org.apache.catalina.valves.ErrorReportValve.invoke(ErrorReportValve.java:92) ~[tomcat-embed-core-9.0.64.jar:9.0.64]
	at org.apache.catalina.core.StandardEngineValve.invoke(StandardEngineValve.java:78) ~[tomcat-embed-core-9.0.64.jar:9.0.64]
	at org.apache.catalina.connector.CoyoteAdapter.service(CoyoteAdapter.java:360) ~[tomcat-embed-core-9.0.64.jar:9.0.64]
	at org.apache.coyote.http11.Http11Processor.service(Http11Processor.java:399) ~[tomcat-embed-core-9.0.64.jar:9.0.64]
	at org.apache.coyote.AbstractProcessorLight.process(AbstractProcessorLight.java:65) ~[tomcat-embed-core-9.0.64.jar:9.0.64]
	at org.apache.coyote.AbstractProtocol$ConnectionHandler.process(AbstractProtocol.java:890) ~[tomcat-embed-core-9.0.64.jar:9.0.64]
	at org.apache.tomcat.util.net.NioEndpoint$SocketProcessor.doRun(NioEndpoint.java:1787) ~[tomcat-embed-core-9.0.64.jar:9.0.64]
	at org.apache.tomcat.util.net.SocketProcessorBase.run(SocketProcessorBase.java:49) ~[tomcat-embed-core-9.0.64.jar:9.0.64]
	at org.apache.tomcat.util.threads.ThreadPoolExecutor.runWorker(ThreadPoolExecutor.java:1191) ~[tomcat-embed-core-9.0.64.jar:9.0.64]
	at org.apache.tomcat.util.threads.ThreadPoolExecutor$Worker.run(ThreadPoolExecutor.java:659) ~[tomcat-embed-core-9.0.64.jar:9.0.64]
	at org.apache.tomcat.util.threads.TaskThread$WrappingRunnable.run(TaskThread.java:61) ~[tomcat-embed-core-9.0.64.jar:9.0.64]
	at java.base/java.lang.Thread.run(Thread.java:833) ~[na:na]

2023-04-28 09:32:10.490  INFO 10148 --- [RMI TCP Connection(22)-127.0.0.1] inMXBeanRegistrar$SpringApplicationAdmin : Application shutdown requested.
2023-04-28 09:32:10.503  INFO 10148 --- [RMI TCP Connection(22)-127.0.0.1] com.zaxxer.hikari.HikariDataSource       : HikariPool-2 - Shutdown initiated...
2023-04-28 09:32:10.515  INFO 10148 --- [RMI TCP Connection(22)-127.0.0.1] com.zaxxer.hikari.HikariDataSource       : HikariPool-2 - Shutdown completed.
2023-04-28 09:32:54.336  INFO 8992 --- [restartedMain] c.e.s.SampleBootApp3Application          : Starting SampleBootApp3Application using Java 17.0.5 on DELL-MATSUGUMA with PID 8992 (C:\pleiades\2022-12\workspace\SampleBootApp3\bin\main started by y-mat in C:\pleiades\2022-12\workspace\SampleBootApp3)
2023-04-28 09:32:54.338  INFO 8992 --- [restartedMain] c.e.s.SampleBootApp3Application          : No active profile set, falling back to 1 default profile: "default"
2023-04-28 09:32:54.379  INFO 8992 --- [restartedMain] o.s.b.devtools.restart.ChangeableUrls    : The Class-Path manifest attribute in C:\Users\y-mat\.gradle\caches\modules-2\files-2.1\com.oracle.database.jdbc\ojdbc11\23.2.0.0\a19cc23a15caea09f4883e938907129354239e75\ojdbc11-23.2.0.0.jar referenced one or more files that do not exist: file:/C:/Users/y-mat/.gradle/caches/modules-2/files-2.1/com.oracle.database.jdbc/ojdbc11/23.2.0.0/a19cc23a15caea09f4883e938907129354239e75/oraclepki.jar
2023-04-28 09:32:54.379  INFO 8992 --- [restartedMain] .e.DevToolsPropertyDefaultsPostProcessor : Devtools property defaults active! Set 'spring.devtools.add-properties' to 'false' to disable
2023-04-28 09:32:54.379  INFO 8992 --- [restartedMain] .e.DevToolsPropertyDefaultsPostProcessor : For additional web related logging consider setting the 'logging.level.web' property to 'DEBUG'
2023-04-28 09:32:55.376  INFO 8992 --- [restartedMain] o.s.b.w.embedded.tomcat.TomcatWebServer  : Tomcat initialized with port(s): 8080 (http)
2023-04-28 09:32:55.385  INFO 8992 --- [restartedMain] o.apache.catalina.core.StandardService   : Starting service [Tomcat]
2023-04-28 09:32:55.386  INFO 8992 --- [restartedMain] org.apache.catalina.core.StandardEngine  : Starting Servlet engine: [Apache Tomcat/9.0.64]
2023-04-28 09:32:55.447  INFO 8992 --- [restartedMain] o.a.c.c.C.[Tomcat].[localhost].[/]       : Initializing Spring embedded WebApplicationContext
2023-04-28 09:32:55.448  INFO 8992 --- [restartedMain] w.s.c.ServletWebServerApplicationContext : Root WebApplicationContext: initialization completed in 1068 ms
2023-04-28 09:32:56.217  INFO 8992 --- [restartedMain] o.s.b.d.a.OptionalLiveReloadServer       : LiveReload server is running on port 35729
2023-04-28 09:32:56.251  INFO 8992 --- [restartedMain] o.s.b.w.embedded.tomcat.TomcatWebServer  : Tomcat started on port(s): 8080 (http) with context path ''
2023-04-28 09:32:56.262  INFO 8992 --- [restartedMain] c.e.s.SampleBootApp3Application          : Started SampleBootApp3Application in 2.253 seconds (JVM running for 2.82)
2023-04-28 09:36:20.180  INFO 8992 --- [http-nio-8080-exec-2] o.a.c.c.C.[Tomcat].[localhost].[/]       : Initializing Spring DispatcherServlet 'dispatcherServlet'
2023-04-28 09:36:20.181  INFO 8992 --- [http-nio-8080-exec-2] o.s.web.servlet.DispatcherServlet        : Initializing Servlet 'dispatcherServlet'
2023-04-28 09:36:20.182  INFO 8992 --- [http-nio-8080-exec-2] o.s.web.servlet.DispatcherServlet        : Completed initialization in 1 ms
2023-04-28 09:36:20.256  INFO 8992 --- [http-nio-8080-exec-2] c.e.sample3app.commons.EventLogFilter    : execution(MotosController.motos(..)) START
2023-04-28 09:36:20.260  INFO 8992 --- [http-nio-8080-exec-2] c.e.s.controllers.MotosController        : 検索条件：SearchForm(brandId=null, keyword=null)
2023-04-28 09:36:20.273  INFO 8992 --- [http-nio-8080-exec-2] com.zaxxer.hikari.HikariDataSource       : HikariPool-1 - Starting...
2023-04-28 09:36:20.276  WARN 8992 --- [http-nio-8080-exec-2] com.zaxxer.hikari.util.DriverDataSource  : Registered driver with driverClassName=oracle.jdbc.driver.OracleDriver was not found, trying direct instantiation.
2023-04-28 09:36:20.584  INFO 8992 --- [http-nio-8080-exec-2] com.zaxxer.hikari.HikariDataSource       : HikariPool-1 - Start completed.
2023-04-28 09:36:20.793  INFO 8992 --- [http-nio-8080-exec-2] c.e.sample3app.commons.EventLogFilter    : execution(MotosController.motos(..)) END
2023-04-28 09:36:27.131  INFO 8992 --- [http-nio-8080-exec-3] c.e.sample3app.commons.EventLogFilter    : execution(MotosController.motos(..)) START
2023-04-28 09:36:27.131  INFO 8992 --- [http-nio-8080-exec-3] c.e.s.controllers.MotosController        : 検索条件：SearchForm(brandId=null, keyword=null)
2023-04-28 09:36:27.137  INFO 8992 --- [http-nio-8080-exec-3] c.e.sample3app.commons.EventLogFilter    : execution(MotosController.motos(..)) END
2023-04-28 09:39:46.870  INFO 8992 --- [http-nio-8080-exec-5] c.e.sample3app.commons.EventLogFilter    : execution(MotosController.motos(..)) START
2023-04-28 09:39:46.870  INFO 8992 --- [http-nio-8080-exec-5] c.e.s.controllers.MotosController        : 検索条件：SearchForm(brandId=null, keyword=null)
2023-04-28 09:39:46.875  INFO 8992 --- [http-nio-8080-exec-5] c.e.sample3app.commons.EventLogFilter    : execution(MotosController.motos(..)) END
2023-04-28 09:40:01.807  INFO 8992 --- [RMI TCP Connection(10)-127.0.0.1] inMXBeanRegistrar$SpringApplicationAdmin : Application shutdown requested.
2023-04-28 09:40:01.827  INFO 8992 --- [RMI TCP Connection(10)-127.0.0.1] com.zaxxer.hikari.HikariDataSource       : HikariPool-1 - Shutdown initiated...
2023-04-28 09:40:01.841  INFO 8992 --- [RMI TCP Connection(10)-127.0.0.1] com.zaxxer.hikari.HikariDataSource       : HikariPool-1 - Shutdown completed.
2023-04-28 09:40:04.964  INFO 17880 --- [restartedMain] c.e.s.SampleBootApp3Application          : Starting SampleBootApp3Application using Java 17.0.5 on DELL-MATSUGUMA with PID 17880 (C:\pleiades\2022-12\workspace\SampleBootApp3\bin\main started by y-mat in C:\pleiades\2022-12\workspace\SampleBootApp3)
2023-04-28 09:40:04.965  INFO 17880 --- [restartedMain] c.e.s.SampleBootApp3Application          : No active profile set, falling back to 1 default profile: "default"
2023-04-28 09:40:05.006  INFO 17880 --- [restartedMain] o.s.b.devtools.restart.ChangeableUrls    : The Class-Path manifest attribute in C:\Users\y-mat\.gradle\caches\modules-2\files-2.1\com.oracle.database.jdbc\ojdbc11\23.2.0.0\a19cc23a15caea09f4883e938907129354239e75\ojdbc11-23.2.0.0.jar referenced one or more files that do not exist: file:/C:/Users/y-mat/.gradle/caches/modules-2/files-2.1/com.oracle.database.jdbc/ojdbc11/23.2.0.0/a19cc23a15caea09f4883e938907129354239e75/oraclepki.jar
2023-04-28 09:40:05.006  INFO 17880 --- [restartedMain] .e.DevToolsPropertyDefaultsPostProcessor : Devtools property defaults active! Set 'spring.devtools.add-properties' to 'false' to disable
2023-04-28 09:40:05.006  INFO 17880 --- [restartedMain] .e.DevToolsPropertyDefaultsPostProcessor : For additional web related logging consider setting the 'logging.level.web' property to 'DEBUG'
2023-04-28 09:40:06.022  INFO 17880 --- [restartedMain] o.s.b.w.embedded.tomcat.TomcatWebServer  : Tomcat initialized with port(s): 8080 (http)
2023-04-28 09:40:06.030  INFO 17880 --- [restartedMain] o.apache.catalina.core.StandardService   : Starting service [Tomcat]
2023-04-28 09:40:06.030  INFO 17880 --- [restartedMain] org.apache.catalina.core.StandardEngine  : Starting Servlet engine: [Apache Tomcat/9.0.64]
2023-04-28 09:40:06.114  INFO 17880 --- [restartedMain] o.a.c.c.C.[Tomcat].[localhost].[/]       : Initializing Spring embedded WebApplicationContext
2023-04-28 09:40:06.115  INFO 17880 --- [restartedMain] w.s.c.ServletWebServerApplicationContext : Root WebApplicationContext: initialization completed in 1108 ms
2023-04-28 09:40:06.846  INFO 17880 --- [restartedMain] o.s.b.d.a.OptionalLiveReloadServer       : LiveReload server is running on port 35729
2023-04-28 09:40:06.875  INFO 17880 --- [restartedMain] o.s.b.w.embedded.tomcat.TomcatWebServer  : Tomcat started on port(s): 8080 (http) with context path ''
2023-04-28 09:40:06.884  INFO 17880 --- [restartedMain] c.e.s.SampleBootApp3Application          : Started SampleBootApp3Application in 2.233 seconds (JVM running for 2.776)
2023-04-28 09:40:11.602  INFO 17880 --- [http-nio-8080-exec-1] o.a.c.c.C.[Tomcat].[localhost].[/]       : Initializing Spring DispatcherServlet 'dispatcherServlet'
2023-04-28 09:40:11.602  INFO 17880 --- [http-nio-8080-exec-1] o.s.web.servlet.DispatcherServlet        : Initializing Servlet 'dispatcherServlet'
2023-04-28 09:40:11.603  INFO 17880 --- [http-nio-8080-exec-1] o.s.web.servlet.DispatcherServlet        : Completed initialization in 1 ms
2023-04-28 09:40:11.677  INFO 17880 --- [http-nio-8080-exec-1] c.e.sample3app.commons.EventLogFilter    : execution(MotosController.motos(..)) START
2023-04-28 09:40:11.685  INFO 17880 --- [http-nio-8080-exec-1] c.e.s.controllers.MotosController        : 検索条件：SearchForm(brandId=null, keyword=null)
2023-04-28 09:40:11.699  INFO 17880 --- [http-nio-8080-exec-1] com.zaxxer.hikari.HikariDataSource       : HikariPool-1 - Starting...
2023-04-28 09:40:11.703  WARN 17880 --- [http-nio-8080-exec-1] com.zaxxer.hikari.util.DriverDataSource  : Registered driver with driverClassName=oracle.jdbc.driver.OracleDriver was not found, trying direct instantiation.
2023-04-28 09:40:11.974  INFO 17880 --- [http-nio-8080-exec-1] com.zaxxer.hikari.HikariDataSource       : HikariPool-1 - Start completed.
2023-04-28 09:40:12.162  INFO 17880 --- [http-nio-8080-exec-1] c.e.sample3app.commons.EventLogFilter    : execution(MotosController.motos(..)) END
2023-04-28 09:40:37.671  INFO 17880 --- [RMI TCP Connection(4)-127.0.0.1] inMXBeanRegistrar$SpringApplicationAdmin : Application shutdown requested.
2023-04-28 09:40:37.693  INFO 17880 --- [RMI TCP Connection(4)-127.0.0.1] com.zaxxer.hikari.HikariDataSource       : HikariPool-1 - Shutdown initiated...
2023-04-28 09:40:37.707  INFO 17880 --- [RMI TCP Connection(4)-127.0.0.1] com.zaxxer.hikari.HikariDataSource       : HikariPool-1 - Shutdown completed.
2023-04-28 09:41:38.155  INFO 26572 --- [restartedMain] c.e.s.SampleBootApp3Application          : Starting SampleBootApp3Application using Java 17.0.5 on DELL-MATSUGUMA with PID 26572 (C:\pleiades\2022-12\workspace\SampleBootApp3\bin\main started by y-mat in C:\pleiades\2022-12\workspace\SampleBootApp3)
2023-04-28 09:41:38.156  INFO 26572 --- [restartedMain] c.e.s.SampleBootApp3Application          : No active profile set, falling back to 1 default profile: "default"
2023-04-28 09:41:38.197  INFO 26572 --- [restartedMain] o.s.b.devtools.restart.ChangeableUrls    : The Class-Path manifest attribute in C:\Users\y-mat\.gradle\caches\modules-2\files-2.1\com.oracle.database.jdbc\ojdbc11\23.2.0.0\a19cc23a15caea09f4883e938907129354239e75\ojdbc11-23.2.0.0.jar referenced one or more files that do not exist: file:/C:/Users/y-mat/.gradle/caches/modules-2/files-2.1/com.oracle.database.jdbc/ojdbc11/23.2.0.0/a19cc23a15caea09f4883e938907129354239e75/oraclepki.jar
2023-04-28 09:41:38.197  INFO 26572 --- [restartedMain] .e.DevToolsPropertyDefaultsPostProcessor : Devtools property defaults active! Set 'spring.devtools.add-properties' to 'false' to disable
2023-04-28 09:41:38.197  INFO 26572 --- [restartedMain] .e.DevToolsPropertyDefaultsPostProcessor : For additional web related logging consider setting the 'logging.level.web' property to 'DEBUG'
2023-04-28 09:41:39.210  INFO 26572 --- [restartedMain] o.s.b.w.embedded.tomcat.TomcatWebServer  : Tomcat initialized with port(s): 8080 (http)
2023-04-28 09:41:39.220  INFO 26572 --- [restartedMain] o.apache.catalina.core.StandardService   : Starting service [Tomcat]
2023-04-28 09:41:39.220  INFO 26572 --- [restartedMain] org.apache.catalina.core.StandardEngine  : Starting Servlet engine: [Apache Tomcat/9.0.64]
2023-04-28 09:41:39.273  INFO 26572 --- [restartedMain] o.a.c.c.C.[Tomcat].[localhost].[/]       : Initializing Spring embedded WebApplicationContext
2023-04-28 09:41:39.273  INFO 26572 --- [restartedMain] w.s.c.ServletWebServerApplicationContext : Root WebApplicationContext: initialization completed in 1075 ms
2023-04-28 09:41:40.017  INFO 26572 --- [restartedMain] o.s.b.d.a.OptionalLiveReloadServer       : LiveReload server is running on port 35729
2023-04-28 09:41:40.049  INFO 26572 --- [restartedMain] o.s.b.w.embedded.tomcat.TomcatWebServer  : Tomcat started on port(s): 8080 (http) with context path ''
2023-04-28 09:41:40.060  INFO 26572 --- [restartedMain] c.e.s.SampleBootApp3Application          : Started SampleBootApp3Application in 2.217 seconds (JVM running for 2.775)
2023-04-28 09:41:46.891  INFO 26572 --- [http-nio-8080-exec-1] o.a.c.c.C.[Tomcat].[localhost].[/]       : Initializing Spring DispatcherServlet 'dispatcherServlet'
2023-04-28 09:41:46.891  INFO 26572 --- [http-nio-8080-exec-1] o.s.web.servlet.DispatcherServlet        : Initializing Servlet 'dispatcherServlet'
2023-04-28 09:41:46.892  INFO 26572 --- [http-nio-8080-exec-1] o.s.web.servlet.DispatcherServlet        : Completed initialization in 1 ms
2023-04-28 09:41:46.959  INFO 26572 --- [http-nio-8080-exec-1] c.e.sample3app.commons.EventLogFilter    : execution(MotosController.motos(..)) START
2023-04-28 09:41:46.964  INFO 26572 --- [http-nio-8080-exec-1] c.e.s.controllers.MotosController        : 検索条件：SearchForm(brandId=null, keyword=null)
2023-04-28 09:41:46.977  INFO 26572 --- [http-nio-8080-exec-1] com.zaxxer.hikari.HikariDataSource       : HikariPool-1 - Starting...
2023-04-28 09:41:46.981  WARN 26572 --- [http-nio-8080-exec-1] com.zaxxer.hikari.util.DriverDataSource  : Registered driver with driverClassName=oracle.jdbc.driver.OracleDriver was not found, trying direct instantiation.
2023-04-28 09:41:47.264  INFO 26572 --- [http-nio-8080-exec-1] com.zaxxer.hikari.HikariDataSource       : HikariPool-1 - Start completed.
2023-04-28 09:41:47.463  INFO 26572 --- [http-nio-8080-exec-1] c.e.sample3app.commons.EventLogFilter    : execution(MotosController.motos(..)) END
2023-04-28 09:43:24.886  INFO 26572 --- [http-nio-8080-exec-2] c.e.sample3app.commons.EventLogFilter    : execution(MotosController.motos(..)) START
2023-04-28 09:43:24.886  INFO 26572 --- [http-nio-8080-exec-2] c.e.s.controllers.MotosController        : 検索条件：SearchForm(brandId=null, keyword=null)
2023-04-28 09:43:24.893  INFO 26572 --- [http-nio-8080-exec-2] c.e.sample3app.commons.EventLogFilter    : execution(MotosController.motos(..)) END
2023-04-28 09:52:53.801  INFO 26572 --- [RMI TCP Connection(15)-127.0.0.1] inMXBeanRegistrar$SpringApplicationAdmin : Application shutdown requested.
2023-04-28 09:52:53.823  INFO 26572 --- [RMI TCP Connection(15)-127.0.0.1] com.zaxxer.hikari.HikariDataSource       : HikariPool-1 - Shutdown initiated...
2023-04-28 09:52:53.846  INFO 26572 --- [RMI TCP Connection(15)-127.0.0.1] com.zaxxer.hikari.HikariDataSource       : HikariPool-1 - Shutdown completed.
2023-04-28 09:52:56.524  INFO 17920 --- [restartedMain] c.e.s.SampleBootApp3Application          : Starting SampleBootApp3Application using Java 17.0.5 on DELL-MATSUGUMA with PID 17920 (C:\pleiades\2022-12\workspace\SampleBootApp3\bin\main started by y-mat in C:\pleiades\2022-12\workspace\SampleBootApp3)
2023-04-28 09:52:56.525  INFO 17920 --- [restartedMain] c.e.s.SampleBootApp3Application          : No active profile set, falling back to 1 default profile: "default"
2023-04-28 09:52:56.565  INFO 17920 --- [restartedMain] o.s.b.devtools.restart.ChangeableUrls    : The Class-Path manifest attribute in C:\Users\y-mat\.gradle\caches\modules-2\files-2.1\com.oracle.database.jdbc\ojdbc11\23.2.0.0\a19cc23a15caea09f4883e938907129354239e75\ojdbc11-23.2.0.0.jar referenced one or more files that do not exist: file:/C:/Users/y-mat/.gradle/caches/modules-2/files-2.1/com.oracle.database.jdbc/ojdbc11/23.2.0.0/a19cc23a15caea09f4883e938907129354239e75/oraclepki.jar
2023-04-28 09:52:56.565  INFO 17920 --- [restartedMain] .e.DevToolsPropertyDefaultsPostProcessor : Devtools property defaults active! Set 'spring.devtools.add-properties' to 'false' to disable
2023-04-28 09:52:56.565  INFO 17920 --- [restartedMain] .e.DevToolsPropertyDefaultsPostProcessor : For additional web related logging consider setting the 'logging.level.web' property to 'DEBUG'
2023-04-28 09:52:57.517  INFO 17920 --- [restartedMain] o.s.b.w.embedded.tomcat.TomcatWebServer  : Tomcat initialized with port(s): 8080 (http)
2023-04-28 09:52:57.524  INFO 17920 --- [restartedMain] o.apache.catalina.core.StandardService   : Starting service [Tomcat]
2023-04-28 09:52:57.524  INFO 17920 --- [restartedMain] org.apache.catalina.core.StandardEngine  : Starting Servlet engine: [Apache Tomcat/9.0.64]
2023-04-28 09:52:57.576  INFO 17920 --- [restartedMain] o.a.c.c.C.[Tomcat].[localhost].[/]       : Initializing Spring embedded WebApplicationContext
2023-04-28 09:52:57.576  INFO 17920 --- [restartedMain] w.s.c.ServletWebServerApplicationContext : Root WebApplicationContext: initialization completed in 1010 ms
2023-04-28 09:52:58.304  INFO 17920 --- [restartedMain] o.s.b.d.a.OptionalLiveReloadServer       : LiveReload server is running on port 35729
2023-04-28 09:52:58.336  INFO 17920 --- [restartedMain] o.s.b.w.embedded.tomcat.TomcatWebServer  : Tomcat started on port(s): 8080 (http) with context path ''
2023-04-28 09:52:58.345  INFO 17920 --- [restartedMain] c.e.s.SampleBootApp3Application          : Started SampleBootApp3Application in 2.152 seconds (JVM running for 2.656)
2023-04-28 09:53:05.436  INFO 17920 --- [http-nio-8080-exec-2] o.a.c.c.C.[Tomcat].[localhost].[/]       : Initializing Spring DispatcherServlet 'dispatcherServlet'
2023-04-28 09:53:05.436  INFO 17920 --- [http-nio-8080-exec-2] o.s.web.servlet.DispatcherServlet        : Initializing Servlet 'dispatcherServlet'
2023-04-28 09:53:05.437  INFO 17920 --- [http-nio-8080-exec-2] o.s.web.servlet.DispatcherServlet        : Completed initialization in 0 ms
2023-04-28 09:53:05.509  INFO 17920 --- [http-nio-8080-exec-2] c.e.sample3app.commons.EventLogFilter    : execution(MotosController.motos(..)) START
2023-04-28 09:53:05.515  INFO 17920 --- [http-nio-8080-exec-2] c.e.s.controllers.MotosController        : 検索条件：SearchForm(brandId=null, keyword=null)
2023-04-28 09:53:05.530  INFO 17920 --- [http-nio-8080-exec-2] com.zaxxer.hikari.HikariDataSource       : HikariPool-1 - Starting...
2023-04-28 09:53:05.533  WARN 17920 --- [http-nio-8080-exec-2] com.zaxxer.hikari.util.DriverDataSource  : Registered driver with driverClassName=oracle.jdbc.driver.OracleDriver was not found, trying direct instantiation.
2023-04-28 09:53:05.839  INFO 17920 --- [http-nio-8080-exec-2] com.zaxxer.hikari.HikariDataSource       : HikariPool-1 - Start completed.
2023-04-28 09:53:06.027  INFO 17920 --- [http-nio-8080-exec-2] c.e.sample3app.commons.EventLogFilter    : execution(MotosController.motos(..)) END
2023-04-28 09:53:06.329 ERROR 17920 --- [http-nio-8080-exec-2] org.thymeleaf.TemplateEngine             : [THYMELEAF][http-nio-8080-exec-2] Exception processing template "moto_list": An error happened during template parsing (template: "class path resource [templates/moto_list.html]" - line 64, col 10)

org.thymeleaf.exceptions.TemplateInputException: An error happened during template parsing (template: "class path resource [templates/moto_list.html]" - line 64, col 10)
	at org.thymeleaf.templateparser.markup.AbstractMarkupTemplateParser.parse(AbstractMarkupTemplateParser.java:239) ~[thymeleaf-3.0.15.RELEASE.jar:3.0.15.RELEASE]
	at org.thymeleaf.templateparser.markup.AbstractMarkupTemplateParser.parseStandalone(AbstractMarkupTemplateParser.java:100) ~[thymeleaf-3.0.15.RELEASE.jar:3.0.15.RELEASE]
	at org.thymeleaf.engine.TemplateManager.parseAndProcess(TemplateManager.java:666) ~[thymeleaf-3.0.15.RELEASE.jar:3.0.15.RELEASE]
	at org.thymeleaf.TemplateEngine.process(TemplateEngine.java:1098) ~[thymeleaf-3.0.15.RELEASE.jar:3.0.15.RELEASE]
	at org.thymeleaf.TemplateEngine.process(TemplateEngine.java:1072) ~[thymeleaf-3.0.15.RELEASE.jar:3.0.15.RELEASE]
	at org.thymeleaf.spring5.view.ThymeleafView.renderFragment(ThymeleafView.java:366) ~[thymeleaf-spring5-3.0.15.RELEASE.jar:3.0.15.RELEASE]
	at org.thymeleaf.spring5.view.ThymeleafView.render(ThymeleafView.java:190) ~[thymeleaf-spring5-3.0.15.RELEASE.jar:3.0.15.RELEASE]
	at org.springframework.web.servlet.DispatcherServlet.render(DispatcherServlet.java:1401) ~[spring-webmvc-5.3.21.jar:5.3.21]
	at org.springframework.web.servlet.DispatcherServlet.processDispatchResult(DispatcherServlet.java:1145) ~[spring-webmvc-5.3.21.jar:5.3.21]
	at org.springframework.web.servlet.DispatcherServlet.doDispatch(DispatcherServlet.java:1084) ~[spring-webmvc-5.3.21.jar:5.3.21]
	at org.springframework.web.servlet.DispatcherServlet.doService(DispatcherServlet.java:963) ~[spring-webmvc-5.3.21.jar:5.3.21]
	at org.springframework.web.servlet.FrameworkServlet.processRequest(FrameworkServlet.java:1006) ~[spring-webmvc-5.3.21.jar:5.3.21]
	at org.springframework.web.servlet.FrameworkServlet.doGet(FrameworkServlet.java:898) ~[spring-webmvc-5.3.21.jar:5.3.21]
	at javax.servlet.http.HttpServlet.service(HttpServlet.java:655) ~[tomcat-embed-core-9.0.64.jar:4.0.FR]
	at org.springframework.web.servlet.FrameworkServlet.service(FrameworkServlet.java:883) ~[spring-webmvc-5.3.21.jar:5.3.21]
	at javax.servlet.http.HttpServlet.service(HttpServlet.java:764) ~[tomcat-embed-core-9.0.64.jar:4.0.FR]
	at org.apache.catalina.core.ApplicationFilterChain.internalDoFilter(ApplicationFilterChain.java:227) ~[tomcat-embed-core-9.0.64.jar:9.0.64]
	at org.apache.catalina.core.ApplicationFilterChain.doFilter(ApplicationFilterChain.java:162) ~[tomcat-embed-core-9.0.64.jar:9.0.64]
	at org.apache.tomcat.websocket.server.WsFilter.doFilter(WsFilter.java:53) ~[tomcat-embed-websocket-9.0.64.jar:9.0.64]
	at org.apache.catalina.core.ApplicationFilterChain.internalDoFilter(ApplicationFilterChain.java:189) ~[tomcat-embed-core-9.0.64.jar:9.0.64]
	at org.apache.catalina.core.ApplicationFilterChain.doFilter(ApplicationFilterChain.java:162) ~[tomcat-embed-core-9.0.64.jar:9.0.64]
	at org.springframework.web.filter.RequestContextFilter.doFilterInternal(RequestContextFilter.java:100) ~[spring-web-5.3.21.jar:5.3.21]
	at org.springframework.web.filter.OncePerRequestFilter.doFilter(OncePerRequestFilter.java:117) ~[spring-web-5.3.21.jar:5.3.21]
	at org.apache.catalina.core.ApplicationFilterChain.internalDoFilter(ApplicationFilterChain.java:189) ~[tomcat-embed-core-9.0.64.jar:9.0.64]
	at org.apache.catalina.core.ApplicationFilterChain.doFilter(ApplicationFilterChain.java:162) ~[tomcat-embed-core-9.0.64.jar:9.0.64]
	at org.springframework.web.filter.FormContentFilter.doFilterInternal(FormContentFilter.java:93) ~[spring-web-5.3.21.jar:5.3.21]
	at org.springframework.web.filter.OncePerRequestFilter.doFilter(OncePerRequestFilter.java:117) ~[spring-web-5.3.21.jar:5.3.21]
	at org.apache.catalina.core.ApplicationFilterChain.internalDoFilter(ApplicationFilterChain.java:189) ~[tomcat-embed-core-9.0.64.jar:9.0.64]
	at org.apache.catalina.core.ApplicationFilterChain.doFilter(ApplicationFilterChain.java:162) ~[tomcat-embed-core-9.0.64.jar:9.0.64]
	at org.springframework.web.filter.CharacterEncodingFilter.doFilterInternal(CharacterEncodingFilter.java:201) ~[spring-web-5.3.21.jar:5.3.21]
	at org.springframework.web.filter.OncePerRequestFilter.doFilter(OncePerRequestFilter.java:117) ~[spring-web-5.3.21.jar:5.3.21]
	at org.apache.catalina.core.ApplicationFilterChain.internalDoFilter(ApplicationFilterChain.java:189) ~[tomcat-embed-core-9.0.64.jar:9.0.64]
	at org.apache.catalina.core.ApplicationFilterChain.doFilter(ApplicationFilterChain.java:162) ~[tomcat-embed-core-9.0.64.jar:9.0.64]
	at org.apache.catalina.core.StandardWrapperValve.invoke(StandardWrapperValve.java:197) ~[tomcat-embed-core-9.0.64.jar:9.0.64]
	at org.apache.catalina.core.StandardContextValve.invoke(StandardContextValve.java:97) ~[tomcat-embed-core-9.0.64.jar:9.0.64]
	at org.apache.catalina.authenticator.AuthenticatorBase.invoke(AuthenticatorBase.java:541) ~[tomcat-embed-core-9.0.64.jar:9.0.64]
	at org.apache.catalina.core.StandardHostValve.invoke(StandardHostValve.java:135) ~[tomcat-embed-core-9.0.64.jar:9.0.64]
	at org.apache.catalina.valves.ErrorReportValve.invoke(ErrorReportValve.java:92) ~[tomcat-embed-core-9.0.64.jar:9.0.64]
	at org.apache.catalina.core.StandardEngineValve.invoke(StandardEngineValve.java:78) ~[tomcat-embed-core-9.0.64.jar:9.0.64]
	at org.apache.catalina.connector.CoyoteAdapter.service(CoyoteAdapter.java:360) ~[tomcat-embed-core-9.0.64.jar:9.0.64]
	at org.apache.coyote.http11.Http11Processor.service(Http11Processor.java:399) ~[tomcat-embed-core-9.0.64.jar:9.0.64]
	at org.apache.coyote.AbstractProcessorLight.process(AbstractProcessorLight.java:65) ~[tomcat-embed-core-9.0.64.jar:9.0.64]
	at org.apache.coyote.AbstractProtocol$ConnectionHandler.process(AbstractProtocol.java:890) ~[tomcat-embed-core-9.0.64.jar:9.0.64]
	at org.apache.tomcat.util.net.NioEndpoint$SocketProcessor.doRun(NioEndpoint.java:1787) ~[tomcat-embed-core-9.0.64.jar:9.0.64]
	at org.apache.tomcat.util.net.SocketProcessorBase.run(SocketProcessorBase.java:49) ~[tomcat-embed-core-9.0.64.jar:9.0.64]
	at org.apache.tomcat.util.threads.ThreadPoolExecutor.runWorker(ThreadPoolExecutor.java:1191) ~[tomcat-embed-core-9.0.64.jar:9.0.64]
	at org.apache.tomcat.util.threads.ThreadPoolExecutor$Worker.run(ThreadPoolExecutor.java:659) ~[tomcat-embed-core-9.0.64.jar:9.0.64]
	at org.apache.tomcat.util.threads.TaskThread$WrappingRunnable.run(TaskThread.java:61) ~[tomcat-embed-core-9.0.64.jar:9.0.64]
	at java.base/java.lang.Thread.run(Thread.java:833) ~[na:na]
Caused by: org.attoparser.ParseException: (Line = 64, Column = 10) Incomplete structure: "<th scope="col" th:text="#{label.motoNo} class="text-center"></th>
<!--			      <th scope="col">メーカー</th>-->
			      <th scope="col" th:text="#{label.motoName}"></th>
			      <th scope="col" th:text="#{label.engine}"></th>
			      <th scope="col" th:text="#{label.price}"></th>
			      <th scope="col" th:text="#{label.comment}"></th>
			    </tr>
			  </thead>
			  <tbody>
			    <tr th:each="moto : ${motos}" th:object="${moto}">
			      <th scope="row" th:text="*{motoNo}"></th>
<!--			      <td th:text="*{brand.brandName}"></td>-->
			      <td th:text="*{motoName}"></td>
			      <td th:text="*{cooling} + *{cylinder}"></td>
			      <td th:text="*{#numbers.formatInteger(price, 3, 'COMMA')}"></td>
			      <td th:text="*{comments}"></td>
			    </tr>
			  </tbody>
			</table>
		</div>
	  </div>
	</div>

    
    <script src="https://cdn.jsdelivr.net/npm/bootstrap@5.0.2/dist/js/bootstrap.bundle.min.js" integrity="sha384-MrcW6ZMFYlzcLA8Nl+NtUVF0sA7MsXsP1UyJoMp4YLEuNSfAP+JcXn/tWtIaxVXM" crossorigin="anonymous"></script>
  </body>
</html>"
	at org.attoparser.MarkupParser.parseDocument(MarkupParser.java:366) ~[attoparser-2.0.5.RELEASE.jar:2.0.5.RELEASE]
	at org.attoparser.MarkupParser.parse(MarkupParser.java:257) ~[attoparser-2.0.5.RELEASE.jar:2.0.5.RELEASE]
	at org.thymeleaf.templateparser.markup.AbstractMarkupTemplateParser.parse(AbstractMarkupTemplateParser.java:230) ~[thymeleaf-3.0.15.RELEASE.jar:3.0.15.RELEASE]
	... 48 common frames omitted

2023-04-28 09:53:06.333 ERROR 17920 --- [http-nio-8080-exec-2] o.a.c.c.C.[.[.[/].[dispatcherServlet]    : Servlet.service() for servlet [dispatcherServlet] in context with path [] threw exception [Request processing failed; nested exception is org.thymeleaf.exceptions.TemplateInputException: An error happened during template parsing (template: "class path resource [templates/moto_list.html]" - line 64, col 10)] with root cause

org.attoparser.ParseException: (Line = 64, Column = 10) Incomplete structure: "<th scope="col" th:text="#{label.motoNo} class="text-center"></th>
<!--			      <th scope="col">メーカー</th>-->
			      <th scope="col" th:text="#{label.motoName}"></th>
			      <th scope="col" th:text="#{label.engine}"></th>
			      <th scope="col" th:text="#{label.price}"></th>
			      <th scope="col" th:text="#{label.comment}"></th>
			    </tr>
			  </thead>
			  <tbody>
			    <tr th:each="moto : ${motos}" th:object="${moto}">
			      <th scope="row" th:text="*{motoNo}"></th>
<!--			      <td th:text="*{brand.brandName}"></td>-->
			      <td th:text="*{motoName}"></td>
			      <td th:text="*{cooling} + *{cylinder}"></td>
			      <td th:text="*{#numbers.formatInteger(price, 3, 'COMMA')}"></td>
			      <td th:text="*{comments}"></td>
			    </tr>
			  </tbody>
			</table>
		</div>
	  </div>
	</div>

    
    <script src="https://cdn.jsdelivr.net/npm/bootstrap@5.0.2/dist/js/bootstrap.bundle.min.js" integrity="sha384-MrcW6ZMFYlzcLA8Nl+NtUVF0sA7MsXsP1UyJoMp4YLEuNSfAP+JcXn/tWtIaxVXM" crossorigin="anonymous"></script>
  </body>
</html>"
	at org.attoparser.MarkupParser.parseDocument(MarkupParser.java:366) ~[attoparser-2.0.5.RELEASE.jar:2.0.5.RELEASE]
	at org.attoparser.MarkupParser.parse(MarkupParser.java:257) ~[attoparser-2.0.5.RELEASE.jar:2.0.5.RELEASE]
	at org.thymeleaf.templateparser.markup.AbstractMarkupTemplateParser.parse(AbstractMarkupTemplateParser.java:230) ~[thymeleaf-3.0.15.RELEASE.jar:3.0.15.RELEASE]
	at org.thymeleaf.templateparser.markup.AbstractMarkupTemplateParser.parseStandalone(AbstractMarkupTemplateParser.java:100) ~[thymeleaf-3.0.15.RELEASE.jar:3.0.15.RELEASE]
	at org.thymeleaf.engine.TemplateManager.parseAndProcess(TemplateManager.java:666) ~[thymeleaf-3.0.15.RELEASE.jar:3.0.15.RELEASE]
	at org.thymeleaf.TemplateEngine.process(TemplateEngine.java:1098) ~[thymeleaf-3.0.15.RELEASE.jar:3.0.15.RELEASE]
	at org.thymeleaf.TemplateEngine.process(TemplateEngine.java:1072) ~[thymeleaf-3.0.15.RELEASE.jar:3.0.15.RELEASE]
	at org.thymeleaf.spring5.view.ThymeleafView.renderFragment(ThymeleafView.java:366) ~[thymeleaf-spring5-3.0.15.RELEASE.jar:3.0.15.RELEASE]
	at org.thymeleaf.spring5.view.ThymeleafView.render(ThymeleafView.java:190) ~[thymeleaf-spring5-3.0.15.RELEASE.jar:3.0.15.RELEASE]
	at org.springframework.web.servlet.DispatcherServlet.render(DispatcherServlet.java:1401) ~[spring-webmvc-5.3.21.jar:5.3.21]
	at org.springframework.web.servlet.DispatcherServlet.processDispatchResult(DispatcherServlet.java:1145) ~[spring-webmvc-5.3.21.jar:5.3.21]
	at org.springframework.web.servlet.DispatcherServlet.doDispatch(DispatcherServlet.java:1084) ~[spring-webmvc-5.3.21.jar:5.3.21]
	at org.springframework.web.servlet.DispatcherServlet.doService(DispatcherServlet.java:963) ~[spring-webmvc-5.3.21.jar:5.3.21]
	at org.springframework.web.servlet.FrameworkServlet.processRequest(FrameworkServlet.java:1006) ~[spring-webmvc-5.3.21.jar:5.3.21]
	at org.springframework.web.servlet.FrameworkServlet.doGet(FrameworkServlet.java:898) ~[spring-webmvc-5.3.21.jar:5.3.21]
	at javax.servlet.http.HttpServlet.service(HttpServlet.java:655) ~[tomcat-embed-core-9.0.64.jar:4.0.FR]
	at org.springframework.web.servlet.FrameworkServlet.service(FrameworkServlet.java:883) ~[spring-webmvc-5.3.21.jar:5.3.21]
	at javax.servlet.http.HttpServlet.service(HttpServlet.java:764) ~[tomcat-embed-core-9.0.64.jar:4.0.FR]
	at org.apache.catalina.core.ApplicationFilterChain.internalDoFilter(ApplicationFilterChain.java:227) ~[tomcat-embed-core-9.0.64.jar:9.0.64]
	at org.apache.catalina.core.ApplicationFilterChain.doFilter(ApplicationFilterChain.java:162) ~[tomcat-embed-core-9.0.64.jar:9.0.64]
	at org.apache.tomcat.websocket.server.WsFilter.doFilter(WsFilter.java:53) ~[tomcat-embed-websocket-9.0.64.jar:9.0.64]
	at org.apache.catalina.core.ApplicationFilterChain.internalDoFilter(ApplicationFilterChain.java:189) ~[tomcat-embed-core-9.0.64.jar:9.0.64]
	at org.apache.catalina.core.ApplicationFilterChain.doFilter(ApplicationFilterChain.java:162) ~[tomcat-embed-core-9.0.64.jar:9.0.64]
	at org.springframework.web.filter.RequestContextFilter.doFilterInternal(RequestContextFilter.java:100) ~[spring-web-5.3.21.jar:5.3.21]
	at org.springframework.web.filter.OncePerRequestFilter.doFilter(OncePerRequestFilter.java:117) ~[spring-web-5.3.21.jar:5.3.21]
	at org.apache.catalina.core.ApplicationFilterChain.internalDoFilter(ApplicationFilterChain.java:189) ~[tomcat-embed-core-9.0.64.jar:9.0.64]
	at org.apache.catalina.core.ApplicationFilterChain.doFilter(ApplicationFilterChain.java:162) ~[tomcat-embed-core-9.0.64.jar:9.0.64]
	at org.springframework.web.filter.FormContentFilter.doFilterInternal(FormContentFilter.java:93) ~[spring-web-5.3.21.jar:5.3.21]
	at org.springframework.web.filter.OncePerRequestFilter.doFilter(OncePerRequestFilter.java:117) ~[spring-web-5.3.21.jar:5.3.21]
	at org.apache.catalina.core.ApplicationFilterChain.internalDoFilter(ApplicationFilterChain.java:189) ~[tomcat-embed-core-9.0.64.jar:9.0.64]
	at org.apache.catalina.core.ApplicationFilterChain.doFilter(ApplicationFilterChain.java:162) ~[tomcat-embed-core-9.0.64.jar:9.0.64]
	at org.springframework.web.filter.CharacterEncodingFilter.doFilterInternal(CharacterEncodingFilter.java:201) ~[spring-web-5.3.21.jar:5.3.21]
	at org.springframework.web.filter.OncePerRequestFilter.doFilter(OncePerRequestFilter.java:117) ~[spring-web-5.3.21.jar:5.3.21]
	at org.apache.catalina.core.ApplicationFilterChain.internalDoFilter(ApplicationFilterChain.java:189) ~[tomcat-embed-core-9.0.64.jar:9.0.64]
	at org.apache.catalina.core.ApplicationFilterChain.doFilter(ApplicationFilterChain.java:162) ~[tomcat-embed-core-9.0.64.jar:9.0.64]
	at org.apache.catalina.core.StandardWrapperValve.invoke(StandardWrapperValve.java:197) ~[tomcat-embed-core-9.0.64.jar:9.0.64]
	at org.apache.catalina.core.StandardContextValve.invoke(StandardContextValve.java:97) ~[tomcat-embed-core-9.0.64.jar:9.0.64]
	at org.apache.catalina.authenticator.AuthenticatorBase.invoke(AuthenticatorBase.java:541) ~[tomcat-embed-core-9.0.64.jar:9.0.64]
	at org.apache.catalina.core.StandardHostValve.invoke(StandardHostValve.java:135) ~[tomcat-embed-core-9.0.64.jar:9.0.64]
	at org.apache.catalina.valves.ErrorReportValve.invoke(ErrorReportValve.java:92) ~[tomcat-embed-core-9.0.64.jar:9.0.64]
	at org.apache.catalina.core.StandardEngineValve.invoke(StandardEngineValve.java:78) ~[tomcat-embed-core-9.0.64.jar:9.0.64]
	at org.apache.catalina.connector.CoyoteAdapter.service(CoyoteAdapter.java:360) ~[tomcat-embed-core-9.0.64.jar:9.0.64]
	at org.apache.coyote.http11.Http11Processor.service(Http11Processor.java:399) ~[tomcat-embed-core-9.0.64.jar:9.0.64]
	at org.apache.coyote.AbstractProcessorLight.process(AbstractProcessorLight.java:65) ~[tomcat-embed-core-9.0.64.jar:9.0.64]
	at org.apache.coyote.AbstractProtocol$ConnectionHandler.process(AbstractProtocol.java:890) ~[tomcat-embed-core-9.0.64.jar:9.0.64]
	at org.apache.tomcat.util.net.NioEndpoint$SocketProcessor.doRun(NioEndpoint.java:1787) ~[tomcat-embed-core-9.0.64.jar:9.0.64]
	at org.apache.tomcat.util.net.SocketProcessorBase.run(SocketProcessorBase.java:49) ~[tomcat-embed-core-9.0.64.jar:9.0.64]
	at org.apache.tomcat.util.threads.ThreadPoolExecutor.runWorker(ThreadPoolExecutor.java:1191) ~[tomcat-embed-core-9.0.64.jar:9.0.64]
	at org.apache.tomcat.util.threads.ThreadPoolExecutor$Worker.run(ThreadPoolExecutor.java:659) ~[tomcat-embed-core-9.0.64.jar:9.0.64]
	at org.apache.tomcat.util.threads.TaskThread$WrappingRunnable.run(TaskThread.java:61) ~[tomcat-embed-core-9.0.64.jar:9.0.64]
	at java.base/java.lang.Thread.run(Thread.java:833) ~[na:na]

2023-04-28 09:53:51.924  INFO 17920 --- [http-nio-8080-exec-1] c.e.sample3app.commons.EventLogFilter    : execution(MotosController.motos(..)) START
2023-04-28 09:53:51.924  INFO 17920 --- [http-nio-8080-exec-1] c.e.s.controllers.MotosController        : 検索条件：SearchForm(brandId=null, keyword=null)
2023-04-28 09:53:51.931  INFO 17920 --- [http-nio-8080-exec-1] c.e.sample3app.commons.EventLogFilter    : execution(MotosController.motos(..)) END
2023-04-28 09:54:21.333  INFO 17920 --- [http-nio-8080-exec-4] c.e.sample3app.commons.EventLogFilter    : execution(MotosController.motos(..)) START
2023-04-28 09:54:21.333  INFO 17920 --- [http-nio-8080-exec-4] c.e.s.controllers.MotosController        : 検索条件：SearchForm(brandId=null, keyword=null)
2023-04-28 09:54:21.339  INFO 17920 --- [http-nio-8080-exec-4] c.e.sample3app.commons.EventLogFilter    : execution(MotosController.motos(..)) END
2023-04-28 09:55:12.394  INFO 17920 --- [http-nio-8080-exec-7] c.e.sample3app.commons.EventLogFilter    : execution(MotosController.motos(..)) START
2023-04-28 09:55:12.394  INFO 17920 --- [http-nio-8080-exec-7] c.e.s.controllers.MotosController        : 検索条件：SearchForm(brandId=null, keyword=null)
2023-04-28 09:55:12.400  INFO 17920 --- [http-nio-8080-exec-7] c.e.sample3app.commons.EventLogFilter    : execution(MotosController.motos(..)) END
2023-04-28 09:58:47.375  INFO 17920 --- [http-nio-8080-exec-9] c.e.sample3app.commons.EventLogFilter    : execution(MotosController.motos(..)) START
2023-04-28 09:58:47.375  INFO 17920 --- [http-nio-8080-exec-9] c.e.s.controllers.MotosController        : 検索条件：SearchForm(brandId=null, keyword=null)
2023-04-28 09:58:47.380  INFO 17920 --- [http-nio-8080-exec-9] c.e.sample3app.commons.EventLogFilter    : execution(MotosController.motos(..)) END
2023-04-28 09:59:43.319  INFO 17920 --- [http-nio-8080-exec-10] c.e.sample3app.commons.EventLogFilter    : execution(MotosController.motos(..)) START
2023-04-28 09:59:43.320  INFO 17920 --- [http-nio-8080-exec-10] c.e.s.controllers.MotosController        : 検索条件：SearchForm(brandId=null, keyword=null)
2023-04-28 09:59:43.326  INFO 17920 --- [http-nio-8080-exec-10] c.e.sample3app.commons.EventLogFilter    : execution(MotosController.motos(..)) END
2023-04-28 10:00:48.030  INFO 17920 --- [http-nio-8080-exec-1] c.e.sample3app.commons.EventLogFilter    : execution(MotosController.motos(..)) START
2023-04-28 10:00:48.030  INFO 17920 --- [http-nio-8080-exec-1] c.e.s.controllers.MotosController        : 検索条件：SearchForm(brandId=null, keyword=null)
2023-04-28 10:00:48.035  INFO 17920 --- [http-nio-8080-exec-1] c.e.sample3app.commons.EventLogFilter    : execution(MotosController.motos(..)) END
2023-04-28 10:03:01.345  INFO 17920 --- [http-nio-8080-exec-7] c.e.sample3app.commons.EventLogFilter    : execution(MotosController.motos(..)) START
2023-04-28 10:03:01.345  INFO 17920 --- [http-nio-8080-exec-7] c.e.s.controllers.MotosController        : 検索条件：SearchForm(brandId=null, keyword=null)
2023-04-28 10:03:01.351  INFO 17920 --- [http-nio-8080-exec-7] c.e.sample3app.commons.EventLogFilter    : execution(MotosController.motos(..)) END
2023-04-28 10:03:56.215  INFO 17920 --- [http-nio-8080-exec-6] c.e.sample3app.commons.EventLogFilter    : execution(MotosController.motos(..)) START
2023-04-28 10:03:56.216  INFO 17920 --- [http-nio-8080-exec-6] c.e.s.controllers.MotosController        : 検索条件：SearchForm(brandId=null, keyword=null)
2023-04-28 10:03:56.221  INFO 17920 --- [http-nio-8080-exec-6] c.e.sample3app.commons.EventLogFilter    : execution(MotosController.motos(..)) END
2023-04-28 10:04:13.925  INFO 17920 --- [http-nio-8080-exec-9] c.e.sample3app.commons.EventLogFilter    : execution(MotosController.motos(..)) START
2023-04-28 10:04:13.925  INFO 17920 --- [http-nio-8080-exec-9] c.e.s.controllers.MotosController        : 検索条件：SearchForm(brandId=null, keyword=null)
2023-04-28 10:04:13.931  INFO 17920 --- [http-nio-8080-exec-9] c.e.sample3app.commons.EventLogFilter    : execution(MotosController.motos(..)) END
2023-04-28 10:04:27.251  INFO 17920 --- [http-nio-8080-exec-10] c.e.sample3app.commons.EventLogFilter    : execution(MotosController.motos(..)) START
2023-04-28 10:04:27.251  INFO 17920 --- [http-nio-8080-exec-10] c.e.s.controllers.MotosController        : 検索条件：SearchForm(brandId=null, keyword=null)
2023-04-28 10:04:27.256  INFO 17920 --- [http-nio-8080-exec-10] c.e.sample3app.commons.EventLogFilter    : execution(MotosController.motos(..)) END
2023-04-28 10:20:23.222  INFO 17920 --- [RMI TCP Connection(32)-127.0.0.1] inMXBeanRegistrar$SpringApplicationAdmin : Application shutdown requested.
2023-04-28 10:20:23.244  INFO 17920 --- [RMI TCP Connection(32)-127.0.0.1] com.zaxxer.hikari.HikariDataSource       : HikariPool-1 - Shutdown initiated...
2023-04-28 10:20:23.258  INFO 17920 --- [RMI TCP Connection(32)-127.0.0.1] com.zaxxer.hikari.HikariDataSource       : HikariPool-1 - Shutdown completed.
2023-04-28 10:20:26.139  INFO 13212 --- [restartedMain] c.e.s.SampleBootApp3Application          : Starting SampleBootApp3Application using Java 17.0.5 on DELL-MATSUGUMA with PID 13212 (C:\pleiades\2022-12\workspace\SampleBootApp3\bin\main started by y-mat in C:\pleiades\2022-12\workspace\SampleBootApp3)
2023-04-28 10:20:26.140  INFO 13212 --- [restartedMain] c.e.s.SampleBootApp3Application          : No active profile set, falling back to 1 default profile: "default"
2023-04-28 10:20:26.179  INFO 13212 --- [restartedMain] o.s.b.devtools.restart.ChangeableUrls    : The Class-Path manifest attribute in C:\Users\y-mat\.gradle\caches\modules-2\files-2.1\com.oracle.database.jdbc\ojdbc11\23.2.0.0\a19cc23a15caea09f4883e938907129354239e75\ojdbc11-23.2.0.0.jar referenced one or more files that do not exist: file:/C:/Users/y-mat/.gradle/caches/modules-2/files-2.1/com.oracle.database.jdbc/ojdbc11/23.2.0.0/a19cc23a15caea09f4883e938907129354239e75/oraclepki.jar
2023-04-28 10:20:26.179  INFO 13212 --- [restartedMain] .e.DevToolsPropertyDefaultsPostProcessor : Devtools property defaults active! Set 'spring.devtools.add-properties' to 'false' to disable
2023-04-28 10:20:26.179  INFO 13212 --- [restartedMain] .e.DevToolsPropertyDefaultsPostProcessor : For additional web related logging consider setting the 'logging.level.web' property to 'DEBUG'
2023-04-28 10:20:27.139  INFO 13212 --- [restartedMain] o.s.b.w.embedded.tomcat.TomcatWebServer  : Tomcat initialized with port(s): 8080 (http)
2023-04-28 10:20:27.146  INFO 13212 --- [restartedMain] o.apache.catalina.core.StandardService   : Starting service [Tomcat]
2023-04-28 10:20:27.147  INFO 13212 --- [restartedMain] org.apache.catalina.core.StandardEngine  : Starting Servlet engine: [Apache Tomcat/9.0.64]
2023-04-28 10:20:27.200  INFO 13212 --- [restartedMain] o.a.c.c.C.[Tomcat].[localhost].[/]       : Initializing Spring embedded WebApplicationContext
2023-04-28 10:20:27.200  INFO 13212 --- [restartedMain] w.s.c.ServletWebServerApplicationContext : Root WebApplicationContext: initialization completed in 1021 ms
2023-04-28 10:20:27.939  INFO 13212 --- [restartedMain] o.s.b.d.a.OptionalLiveReloadServer       : LiveReload server is running on port 35729
2023-04-28 10:20:27.969  INFO 13212 --- [restartedMain] o.s.b.w.embedded.tomcat.TomcatWebServer  : Tomcat started on port(s): 8080 (http) with context path ''
2023-04-28 10:20:27.978  INFO 13212 --- [restartedMain] c.e.s.SampleBootApp3Application          : Started SampleBootApp3Application in 2.147 seconds (JVM running for 2.662)
2023-04-28 10:20:35.224  INFO 13212 --- [http-nio-8080-exec-1] o.a.c.c.C.[Tomcat].[localhost].[/]       : Initializing Spring DispatcherServlet 'dispatcherServlet'
2023-04-28 10:20:35.224  INFO 13212 --- [http-nio-8080-exec-1] o.s.web.servlet.DispatcherServlet        : Initializing Servlet 'dispatcherServlet'
2023-04-28 10:20:35.225  INFO 13212 --- [http-nio-8080-exec-1] o.s.web.servlet.DispatcherServlet        : Completed initialization in 1 ms
2023-04-28 10:20:35.303  INFO 13212 --- [http-nio-8080-exec-1] c.e.sample3app.commons.EventLogFilter    : execution(MotosController.motos(..)) START
2023-04-28 10:20:35.308  INFO 13212 --- [http-nio-8080-exec-1] c.e.s.controllers.MotosController        : 検索条件：SearchForm(brandId=null, keyword=null)
2023-04-28 10:20:35.323  INFO 13212 --- [http-nio-8080-exec-1] com.zaxxer.hikari.HikariDataSource       : HikariPool-1 - Starting...
2023-04-28 10:20:35.329  WARN 13212 --- [http-nio-8080-exec-1] com.zaxxer.hikari.util.DriverDataSource  : Registered driver with driverClassName=oracle.jdbc.driver.OracleDriver was not found, trying direct instantiation.
2023-04-28 10:20:35.645  INFO 13212 --- [http-nio-8080-exec-1] com.zaxxer.hikari.HikariDataSource       : HikariPool-1 - Start completed.
2023-04-28 10:20:35.844  INFO 13212 --- [http-nio-8080-exec-1] c.e.sample3app.commons.EventLogFilter    : execution(MotosController.motos(..)) END
2023-04-28 10:21:15.059  INFO 13212 --- [http-nio-8080-exec-2] c.e.sample3app.commons.EventLogFilter    : execution(MotosController.motos(..)) START
2023-04-28 10:21:15.060  INFO 13212 --- [http-nio-8080-exec-2] c.e.s.controllers.MotosController        : 検索条件：SearchForm(brandId=null, keyword=null)
2023-04-28 10:21:15.066  INFO 13212 --- [http-nio-8080-exec-2] c.e.sample3app.commons.EventLogFilter    : execution(MotosController.motos(..)) END
2023-04-28 10:33:40.083  INFO 13212 --- [http-nio-8080-exec-5] c.e.sample3app.commons.EventLogFilter    : execution(MotosController.motos(..)) START
2023-04-28 10:33:40.084  INFO 13212 --- [http-nio-8080-exec-5] c.e.s.controllers.MotosController        : 検索条件：SearchForm(brandId=null, keyword=null)
2023-04-28 10:33:40.090  INFO 13212 --- [http-nio-8080-exec-5] c.e.sample3app.commons.EventLogFilter    : execution(MotosController.motos(..)) END
2023-04-28 10:35:35.628  INFO 13212 --- [Thread-5] com.zaxxer.hikari.HikariDataSource       : HikariPool-1 - Shutdown initiated...
2023-04-28 10:35:35.643  INFO 13212 --- [Thread-5] com.zaxxer.hikari.HikariDataSource       : HikariPool-1 - Shutdown completed.
2023-04-28 10:35:35.704  INFO 13212 --- [restartedMain] c.e.s.SampleBootApp3Application          : Starting SampleBootApp3Application using Java 17.0.5 on DELL-MATSUGUMA with PID 13212 (C:\pleiades\2022-12\workspace\SampleBootApp3\bin\main started by y-mat in C:\pleiades\2022-12\workspace\SampleBootApp3)
2023-04-28 10:35:35.704  INFO 13212 --- [restartedMain] c.e.s.SampleBootApp3Application          : No active profile set, falling back to 1 default profile: "default"
2023-04-28 10:35:35.881  INFO 13212 --- [restartedMain] o.s.b.w.embedded.tomcat.TomcatWebServer  : Tomcat initialized with port(s): 8080 (http)
2023-04-28 10:35:35.882  INFO 13212 --- [restartedMain] o.apache.catalina.core.StandardService   : Starting service [Tomcat]
2023-04-28 10:35:35.882  INFO 13212 --- [restartedMain] org.apache.catalina.core.StandardEngine  : Starting Servlet engine: [Apache Tomcat/9.0.64]
2023-04-28 10:35:35.895  INFO 13212 --- [restartedMain] o.a.c.c.C.[Tomcat].[localhost].[/]       : Initializing Spring embedded WebApplicationContext
2023-04-28 10:35:35.895  INFO 13212 --- [restartedMain] w.s.c.ServletWebServerApplicationContext : Root WebApplicationContext: initialization completed in 189 ms
2023-04-28 10:35:36.135  INFO 13212 --- [restartedMain] o.s.b.d.a.OptionalLiveReloadServer       : LiveReload server is running on port 35729
2023-04-28 10:35:36.144  INFO 13212 --- [restartedMain] o.s.b.w.embedded.tomcat.TomcatWebServer  : Tomcat started on port(s): 8080 (http) with context path ''
2023-04-28 10:35:36.147  INFO 13212 --- [restartedMain] c.e.s.SampleBootApp3Application          : Started SampleBootApp3Application in 0.465 seconds (JVM running for 910.831)
2023-04-28 10:35:36.149  INFO 13212 --- [restartedMain] .ConditionEvaluationDeltaLoggingListener : Condition evaluation unchanged
2023-04-28 10:36:06.878  INFO 13212 --- [restartedMain] c.e.s.SampleBootApp3Application          : Starting SampleBootApp3Application using Java 17.0.5 on DELL-MATSUGUMA with PID 13212 (C:\pleiades\2022-12\workspace\SampleBootApp3\bin\main started by y-mat in C:\pleiades\2022-12\workspace\SampleBootApp3)
2023-04-28 10:36:06.878  INFO 13212 --- [restartedMain] c.e.s.SampleBootApp3Application          : No active profile set, falling back to 1 default profile: "default"
2023-04-28 10:36:07.043  INFO 13212 --- [restartedMain] o.s.b.w.embedded.tomcat.TomcatWebServer  : Tomcat initialized with port(s): 8080 (http)
2023-04-28 10:36:07.043  INFO 13212 --- [restartedMain] o.apache.catalina.core.StandardService   : Starting service [Tomcat]
2023-04-28 10:36:07.044  INFO 13212 --- [restartedMain] org.apache.catalina.core.StandardEngine  : Starting Servlet engine: [Apache Tomcat/9.0.64]
2023-04-28 10:36:07.059  INFO 13212 --- [restartedMain] o.a.c.c.C.[Tomcat].[localhost].[/]       : Initializing Spring embedded WebApplicationContext
2023-04-28 10:36:07.059  INFO 13212 --- [restartedMain] w.s.c.ServletWebServerApplicationContext : Root WebApplicationContext: initialization completed in 179 ms
2023-04-28 10:36:07.297  INFO 13212 --- [restartedMain] o.s.b.d.a.OptionalLiveReloadServer       : LiveReload server is running on port 35729
2023-04-28 10:36:07.307  INFO 13212 --- [restartedMain] o.s.b.w.embedded.tomcat.TomcatWebServer  : Tomcat started on port(s): 8080 (http) with context path ''
2023-04-28 10:36:07.310  INFO 13212 --- [restartedMain] c.e.s.SampleBootApp3Application          : Started SampleBootApp3Application in 0.449 seconds (JVM running for 941.994)
2023-04-28 10:36:07.311  INFO 13212 --- [restartedMain] .ConditionEvaluationDeltaLoggingListener : Condition evaluation unchanged
2023-04-28 10:38:54.385  INFO 13212 --- [http-nio-8080-exec-1] o.a.c.c.C.[Tomcat].[localhost].[/]       : Initializing Spring DispatcherServlet 'dispatcherServlet'
2023-04-28 10:38:54.385  INFO 13212 --- [http-nio-8080-exec-1] o.s.web.servlet.DispatcherServlet        : Initializing Servlet 'dispatcherServlet'
2023-04-28 10:38:54.386  INFO 13212 --- [http-nio-8080-exec-1] o.s.web.servlet.DispatcherServlet        : Completed initialization in 1 ms
2023-04-28 10:38:54.392  INFO 13212 --- [http-nio-8080-exec-1] c.e.sample3app.commons.EventLogFilter    : execution(MotosController.motos(..)) START
2023-04-28 10:38:54.395  INFO 13212 --- [http-nio-8080-exec-1] c.e.s.controllers.MotosController        : 検索条件：SearchForm(brandId=null, keyword=null)
2023-04-28 10:38:54.396  INFO 13212 --- [http-nio-8080-exec-1] com.zaxxer.hikari.HikariDataSource       : HikariPool-2 - Starting...
2023-04-28 10:38:54.396  WARN 13212 --- [http-nio-8080-exec-1] com.zaxxer.hikari.util.DriverDataSource  : Registered driver with driverClassName=oracle.jdbc.driver.OracleDriver was not found, trying direct instantiation.
2023-04-28 10:38:54.484  INFO 13212 --- [http-nio-8080-exec-1] com.zaxxer.hikari.HikariDataSource       : HikariPool-2 - Start completed.
2023-04-28 10:38:54.488  INFO 13212 --- [http-nio-8080-exec-1] c.e.sample3app.commons.EventLogFilter    : execution(MotosController.motos(..)) END
2023-04-28 10:39:32.312  INFO 13212 --- [http-nio-8080-exec-3] c.e.sample3app.commons.EventLogFilter    : execution(MotosController.initUpdate()) START
2023-04-28 10:39:32.314  INFO 13212 --- [http-nio-8080-exec-3] c.e.sample3app.commons.EventLogFilter    : execution(MotosController.initUpdate()) END
2023-04-28 10:41:39.150  INFO 13212 --- [http-nio-8080-exec-5] c.e.sample3app.commons.EventLogFilter    : execution(MotosController.motos(..)) START
2023-04-28 10:41:39.150  INFO 13212 --- [http-nio-8080-exec-5] c.e.s.controllers.MotosController        : 検索条件：SearchForm(brandId=null, keyword=null)
2023-04-28 10:41:39.156  INFO 13212 --- [http-nio-8080-exec-5] c.e.sample3app.commons.EventLogFilter    : execution(MotosController.motos(..)) END
2023-04-28 10:41:40.334  INFO 13212 --- [http-nio-8080-exec-6] c.e.sample3app.commons.EventLogFilter    : execution(MotosController.initUpdate()) START
2023-04-28 10:41:40.334  INFO 13212 --- [http-nio-8080-exec-6] c.e.sample3app.commons.EventLogFilter    : execution(MotosController.initUpdate()) END
2023-04-28 10:42:01.654  INFO 13212 --- [http-nio-8080-exec-7] c.e.sample3app.commons.EventLogFilter    : execution(MotosController.initUpdate()) START
2023-04-28 10:42:01.654  INFO 13212 --- [http-nio-8080-exec-7] c.e.sample3app.commons.EventLogFilter    : execution(MotosController.initUpdate()) END
2023-04-28 10:47:22.612  INFO 13212 --- [http-nio-8080-exec-10] c.e.sample3app.commons.EventLogFilter    : execution(MotosController.initUpdate()) START
2023-04-28 10:47:22.614  INFO 13212 --- [http-nio-8080-exec-10] c.e.sample3app.commons.EventLogFilter    : execution(MotosController.initUpdate()) END
2023-04-28 10:48:43.758  INFO 13212 --- [http-nio-8080-exec-2] c.e.sample3app.commons.EventLogFilter    : execution(MotosController.initUpdate()) START
2023-04-28 10:48:43.758  INFO 13212 --- [http-nio-8080-exec-2] c.e.sample3app.commons.EventLogFilter    : execution(MotosController.initUpdate()) END
2023-04-28 10:50:02.277  INFO 13212 --- [http-nio-8080-exec-6] c.e.sample3app.commons.EventLogFilter    : execution(MotosController.initUpdate()) START
2023-04-28 10:50:02.277  INFO 13212 --- [http-nio-8080-exec-6] c.e.sample3app.commons.EventLogFilter    : execution(MotosController.initUpdate()) END
2023-04-28 10:54:12.909  INFO 13212 --- [http-nio-8080-exec-9] c.e.sample3app.commons.EventLogFilter    : execution(MotosController.initUpdate()) START
2023-04-28 10:54:12.910  INFO 13212 --- [http-nio-8080-exec-9] c.e.sample3app.commons.EventLogFilter    : execution(MotosController.initUpdate()) END
2023-04-28 10:59:55.411  INFO 13212 --- [http-nio-8080-exec-3] c.e.sample3app.commons.EventLogFilter    : execution(MotosController.initUpdate()) START
2023-04-28 10:59:55.412  INFO 13212 --- [http-nio-8080-exec-3] c.e.sample3app.commons.EventLogFilter    : execution(MotosController.initUpdate()) END
2023-04-28 11:00:57.324  INFO 13212 --- [http-nio-8080-exec-5] c.e.sample3app.commons.EventLogFilter    : execution(MotosController.initUpdate()) START
2023-04-28 11:00:57.325  INFO 13212 --- [http-nio-8080-exec-5] c.e.sample3app.commons.EventLogFilter    : execution(MotosController.initUpdate()) END
2023-04-28 11:02:01.507  INFO 13212 --- [Thread-13] com.zaxxer.hikari.HikariDataSource       : HikariPool-2 - Shutdown initiated...
2023-04-28 11:02:01.522  INFO 13212 --- [Thread-13] com.zaxxer.hikari.HikariDataSource       : HikariPool-2 - Shutdown completed.
2023-04-28 11:02:01.579  INFO 13212 --- [restartedMain] c.e.s.SampleBootApp3Application          : Starting SampleBootApp3Application using Java 17.0.5 on DELL-MATSUGUMA with PID 13212 (C:\pleiades\2022-12\workspace\SampleBootApp3\bin\main started by y-mat in C:\pleiades\2022-12\workspace\SampleBootApp3)
2023-04-28 11:02:01.579  INFO 13212 --- [restartedMain] c.e.s.SampleBootApp3Application          : No active profile set, falling back to 1 default profile: "default"
2023-04-28 11:02:01.799  INFO 13212 --- [restartedMain] o.s.b.w.embedded.tomcat.TomcatWebServer  : Tomcat initialized with port(s): 8080 (http)
2023-04-28 11:02:01.800  INFO 13212 --- [restartedMain] o.apache.catalina.core.StandardService   : Starting service [Tomcat]
2023-04-28 11:02:01.800  INFO 13212 --- [restartedMain] org.apache.catalina.core.StandardEngine  : Starting Servlet engine: [Apache Tomcat/9.0.64]
2023-04-28 11:02:01.813  INFO 13212 --- [restartedMain] o.a.c.c.C.[Tomcat].[localhost].[/]       : Initializing Spring embedded WebApplicationContext
2023-04-28 11:02:01.813  INFO 13212 --- [restartedMain] w.s.c.ServletWebServerApplicationContext : Root WebApplicationContext: initialization completed in 232 ms
2023-04-28 11:02:02.114  INFO 13212 --- [restartedMain] o.s.b.d.a.OptionalLiveReloadServer       : LiveReload server is running on port 35729
2023-04-28 11:02:02.125  INFO 13212 --- [restartedMain] o.s.b.w.embedded.tomcat.TomcatWebServer  : Tomcat started on port(s): 8080 (http) with context path ''
2023-04-28 11:02:02.128  INFO 13212 --- [restartedMain] c.e.s.SampleBootApp3Application          : Started SampleBootApp3Application in 0.569 seconds (JVM running for 2496.812)
2023-04-28 11:02:02.129  INFO 13212 --- [restartedMain] .ConditionEvaluationDeltaLoggingListener : Condition evaluation unchanged
2023-04-28 11:03:03.297  INFO 13212 --- [http-nio-8080-exec-1] o.a.c.c.C.[Tomcat].[localhost].[/]       : Initializing Spring DispatcherServlet 'dispatcherServlet'
2023-04-28 11:03:03.298  INFO 13212 --- [http-nio-8080-exec-1] o.s.web.servlet.DispatcherServlet        : Initializing Servlet 'dispatcherServlet'
2023-04-28 11:03:03.299  INFO 13212 --- [http-nio-8080-exec-1] o.s.web.servlet.DispatcherServlet        : Completed initialization in 1 ms
2023-04-28 11:03:03.301  INFO 13212 --- [http-nio-8080-exec-1] c.e.sample3app.commons.EventLogFilter    : execution(MotosController.initUpdate(..)) START
2023-04-28 11:03:03.305  INFO 13212 --- [http-nio-8080-exec-1] com.zaxxer.hikari.HikariDataSource       : HikariPool-3 - Starting...
2023-04-28 11:03:03.306  WARN 13212 --- [http-nio-8080-exec-1] com.zaxxer.hikari.util.DriverDataSource  : Registered driver with driverClassName=oracle.jdbc.driver.OracleDriver was not found, trying direct instantiation.
2023-04-28 11:03:03.364  INFO 13212 --- [http-nio-8080-exec-1] com.zaxxer.hikari.HikariDataSource       : HikariPool-3 - Start completed.
2023-04-28 11:03:03.366  INFO 13212 --- [http-nio-8080-exec-1] c.e.sample3app.commons.EventLogFilter    : execution(MotosController.initUpdate(..)) END
